[30.08|05:41] Audi_Test purchased a toolbox.
[30.08|05:41] Audi_Test purchased a 5 liter spraycan.
[30.08|05:41] Audi_Test purchased a phone.
[30.08|05:41] Audi_Test purchased a SIM Card, number 405442.
[30.08|06:05] Audi_Test purchased a rifle, serial: 70894.
[30.08|06:05] Audi_Test purchased a desert eagle, serial: 41933.
[30.08|06:05] Audi_Test purchased .50cal.
[30.08|06:06] Audi_Test purchased 7.62x39mm.
[30.08|06:06] Audi_Test purchased 7x62x51mm.
[01.09|03:50] Spenzo_Test purchased a shotgun, serial: 15458.
[01.09|03:50] Spenzo_Test purchased 12 Gauge.
[01.09|03:50] Spenzo_Test purchased 7x62x51mm.
[02.09|12:43] Gregory_Kouk purchased a phone.
[02.09|12:43] Gregory_Kouk purchased a SIM Card, number 229250.
[03.09|19:13] Michael_Blund purchased a phone.
[03.09|19:13] Michael_Blund purchased a phone.
[03.09|19:13] Michael_Blund purchased a SIM Card, number 462854.
[03.09|19:44] Austin_Brown purchased a portable radio.
[03.09|20:00] Gregory_Kouk purchased a phone.
[03.09|20:00] Gregory_Kouk purchased a SIM Card, number 499862.
[03.09|21:50] Will_Scott purchased a phone.
[03.09|22:44] Will_Scott purchased a SIM Card, number 962952.
[03.09|23:33] Touka_Kirishima purchased a phone.
[03.09|23:33] Touka_Kirishima purchased a SIM Card, number 305163.
[03.09|23:33] Touka_Kirishima purchased a baseball bat.
[14.09|21:05] George_Harrison purchased 5.56x45mm.
[14.09|21:05] George_Harrison purchased a rifle, serial: 41250.
[14.09|21:06] Jaja_Admin purchased a rifle, serial: 36718.
[14.09|21:06] Jaja_Admin purchased 7.62x39mm.
[14.09|21:06] Jaja_Admin purchased .50cal.
[14.09|21:09] Jaja_Admin purchased 12 Gauge.
[14.09|21:09] Jaja_Admin purchased a shotgun, serial: 66833.
[14.09|21:09] Jaja_Admin purchased a shotgun, serial: 27885.
[17.09|08:29] JohnGotti_Test purchased bandages.
[17.09|08:29] JohnGotti_Test purchased a notebook.
[17.09|08:29] JohnGotti_Test purchased a screwdriver.
[17.09|08:29] JohnGotti_Test purchased a pack of cigarettes.
[17.09|08:29] JohnGotti_Test purchased a bottle of beer.
[17.09|08:29] JohnGotti_Test purchased a phone.
[17.09|08:29] JohnGotti_Test purchased a SIM Card, number 902541.
[17.09|08:29] JohnGotti_Test purchased a camera.
[17.09|19:15] Trevor_Storm purchased a phone.
[17.09|19:16] Trevor_Storm purchased a phone.
[17.09|19:16] Trevor_Storm purchased a SIM Card, number 164297.
[17.09|19:16] Trevor_Storm purchased a SIM Card, number 438660.
[17.09|19:21] Stewie_Alphonso purchased a 5 liter spraycan.
[17.09|19:24] Thorn_Test purchased a 5 liter spraycan.
[17.09|21:15] PrinceOfThaWest purchased a cigarette.
[17.09|22:00] Jayquan_Delgado purchased a rifle, serial: 30354.
[17.09|22:00] Jayquan_Delgado purchased 7.62x39mm.
[17.09|22:00] Jayquan_Delgado purchased 7x62x51mm.
[17.09|22:00] Jayquan_Delgado purchased 5.56x45mm.
[18.09|13:15] Damagio_Ibarra purchased a phone.
[18.09|13:15] Damagio_Ibarra purchased a SIM Card, number 584845.
[18.09|21:17] Offset_Test purchased a phone.
[18.09|21:17] Offset_Test purchased a SIM Card, number 855731.
[19.09|05:20] Eric_Raymond purchased a Protein Shake.
[19.09|05:20] Eric_Raymond purchased a Gym Membership.
[19.09|07:43] Eric_Raymond purchased a stereo.
[19.09|08:15] JohnGotti_Test purchased a mask.
[20.09|06:04] Eric_Raymond purchased a toolbox.
[20.09|07:34] Rick_Stokes purchased a phone.
[20.09|07:34] Rick_Stokes purchased a SIM Card, number 587984.
[20.09|07:35] Rick_Stokes purchased a toolbox.
[21.09|11:17] Mohamet_Sabbagh purchased a pack of cigarettes.
[21.09|11:18] Mohamet_Sabbagh purchased a stereo.
[21.09|11:34] Rick_Stokes purchased a toolbox.
[21.09|11:34] Rick_Stokes purchased a portable radio.
[21.09|11:34] Rick_Stokes purchased a phone.
[21.09|11:35] Rick_Stokes purchased a SIM Card, number 324396.
[21.09|12:31] Stewie_Alphonso purchased a rifle, serial: 44479.
[21.09|12:31] Stewie_Alphonso purchased 7.62x39mm.
[21.09|12:32] Stewie_Alphonso purchased 7x62x51mm.
[21.09|12:41] Damagio_Ibarra purchased a desert eagle, serial: 11861.
[21.09|12:43] Damagio_Ibarra purchased 9x19mm.
[21.09|12:44] Damagio_Ibarra purchased .50cal.
[21.09|12:44] Damagio_Ibarra purchased .50cal.
[21.09|12:44] Damagio_Ibarra purchased .50cal.
[21.09|12:44] Damagio_Ibarra purchased .50cal.
[21.09|14:35] Luca_Saverio purchased a phone.
[21.09|14:36] Luca_Saverio purchased a SIM Card, number 996382.
[21.09|16:02] Scar_Test purchased a 5 liter spraycan.
[21.09|16:02] Scar_Test purchased a camera.
[21.09|17:29] Calvin_Evergreen purchased a baseball bat.
[21.09|17:29] Calvin_Evergreen purchased a bottle of wine.
[22.09|02:04] Jefferson_Arceneaux purchased a phone.
[22.09|02:04] Jefferson_Arceneaux purchased a SIM Card, number 771918.
[22.09|02:07] Jefferson_Arceneaux purchased a cigarette.
[22.09|05:19] Offset_Test purchased a can of gasoline.
[22.09|05:20] Offset_Test purchased a phone.
[22.09|05:20] Offset_Test purchased a SIM Card, number 904463.
[22.09|05:20] Offset_Test purchased a portable radio.
[22.09|05:20] Offset_Test purchased a baseball bat.
[22.09|06:18] Toafa_Lapomaua purchased a pepper spray.
[22.09|06:18] Toafa_Lapomaua purchased a pepper spray.
[22.09|06:18] Toafa_Lapomaua purchased a shotgun, serial: 82146.
[22.09|06:18] Toafa_Lapomaua purchased 12 Gauge.
[22.09|06:18] Toafa_Lapomaua purchased 12 Gauge.
[22.09|06:20] Toafa_Lapomaua purchased a phone.
[22.09|06:20] Toafa_Lapomaua purchased a SIM Card, number 936838.
[22.09|06:24] Apisaloma_Misipeka purchased a phone.
[22.09|06:24] Apisaloma_Misipeka purchased a SIM Card, number 293221.
[22.09|06:30] Toafa_Lapomaua purchased bandages.
[22.09|06:31] Toafa_Lapomaua purchased a bottle of wine.
[22.09|06:42] Apisaloma_Misipeka purchased a toolbox.
[22.09|06:43] Apisaloma_Misipeka purchased a 5 liter spraycan.
[22.09|06:45] Offset_Test purchased a toolbox.
[22.09|06:45] Offset_Test purchased a 5 liter spraycan.
[22.09|07:21] Toafa_Lapomaua purchased a mask.
[22.09|07:21] Stewie_Alphonso purchased a phone.
[22.09|07:21] Stewie_Alphonso purchased a SIM Card, number 498327.
[22.09|07:23] Stewie_Alphonso purchased a cigarette.
[22.09|07:26] Stewie_Alphonso purchased a camera.
[22.09|07:37] Toafa_Lapomaua purchased a medical kit.
[22.09|07:38] Toafa_Lapomaua purchased a toolbox.
[22.09|08:27] Eric_Raymond purchased a phone.
[22.09|08:27] Eric_Raymond purchased a SIM Card, number 707438.
[22.09|08:27] Eric_Raymond purchased a portable radio.
[22.09|10:42] Daniel_Bunting purchased a portable radio.
[22.09|10:42] Daniel_Bunting purchased a phone.
[22.09|10:42] Daniel_Bunting purchased a SIM Card, number 166558.
[22.09|10:44] Jessica_Reid purchased a phone.
[22.09|10:44] Jessica_Reid purchased a SIM Card, number 658868.
[22.09|10:44] Jessica_Reid purchased a 5 liter spraycan.
[22.09|10:44] Jessica_Reid purchased a notebook.
[22.09|10:52] Victor_Scalesi purchased a phone.
[22.09|10:52] Victor_Scalesi purchased a SIM Card, number 144176.
[22.09|10:53] Kendrick_Fiore purchased a pack of cigarettes.
[22.09|10:53] Kendrick_Fiore purchased a baseball bat.
[22.09|10:53] Kendrick_Fiore purchased a phone.
[22.09|10:53] Kendrick_Fiore purchased a SIM Card, number 140429.
[22.09|10:56] Apisaloma_Misipeka purchased a stereo.
[22.09|10:59] Terrance_Bailey purchased a phone.
[22.09|10:59] Terrance_Bailey purchased a SIM Card, number 815330.
[22.09|10:59] Phillip_Paparello purchased a phone.
[22.09|10:59] Terrance_Bailey purchased a portable radio.
[22.09|10:59] Phillip_Paparello purchased a SIM Card, number 227081.
[22.09|10:59] Phillip_Paparello purchased a pack of cigarettes.
[22.09|11:01] Patrick_Deegan purchased a phone.
[22.09|11:01] Patrick_Deegan purchased a SIM Card, number 988335.
[22.09|11:05] Nelson_Ong purchased bandages.
[22.09|11:12] Thae_Hyongsu purchased a phone.
[22.09|11:12] Thae_Hyongsu purchased a SIM Card, number 299432.
[22.09|11:16] Joseph_Vance purchased a phone.
[22.09|11:16] Joseph_Vance purchased a SIM Card, number 220566.
[22.09|11:17] Mitch_Johnson purchased a phone.
[22.09|11:17] Mitch_Johnson purchased a SIM Card, number 876918.
[22.09|11:24] Michael_Zitto purchased a phone.
[22.09|11:24] Michael_Zitto purchased a SIM Card, number 168406.
[22.09|11:24] Mitchell_Carson purchased a phone.
[22.09|11:24] Mitchell_Carson purchased a SIM Card, number 275354.
[22.09|11:28] Anthony_Corsetti purchased a phone.
[22.09|11:28] Anthony_Corsetti purchased a SIM Card, number 650525.
[22.09|11:29] Johnathon_Stone purchased a phone.
[22.09|11:29] Johnathon_Stone purchased a SIM Card, number 852390.
[22.09|11:31] Jonathan_Baldovini purchased a phone.
[22.09|11:31] Jonathan_Baldovini purchased a SIM Card, number 927294.
[22.09|11:31] Mario_Funicello purchased a phone.
[22.09|11:31] Mario_Funicello purchased a SIM Card, number 125248.
[22.09|11:32] Aiden_McNaison purchased a phone.
[22.09|11:32] Aiden_McNaison purchased a SIM Card, number 657915.
[22.09|11:32] Frank_Morgan purchased a phone.
[22.09|11:32] Frank_Morgan purchased a SIM Card, number 378018.
[22.09|11:36] Nelson_Ong purchased a pack of cigarettes.
[22.09|11:42] Toafa_Lapomaua purchased a baseball bat.
[22.09|11:43] Jackson_Belucci purchased a phone.
[22.09|11:43] Jackson_Belucci purchased a SIM Card, number 283579.
[22.09|11:45] Toafa_Lapomaua purchased a medical kit.
[22.09|11:48] Marcus_Westson purchased a phone.
[22.09|11:48] Marcus_Westson purchased a SIM Card, number 398386.
[22.09|11:48] Marcus_Westson purchased a portable radio.
[22.09|11:59] Bryann_Stewart purchased a phone.
[22.09|12:00] Bryann_Stewart purchased a SIM Card, number 810663.
[22.09|12:03] Marco_Cefalu purchased a phone.
[22.09|12:03] Marco_Cefalu purchased a SIM Card, number 213450.
[22.09|12:07] George_Chalkias purchased a phone.
[22.09|12:08] George_Chalkias purchased a SIM Card, number 334623.
[22.09|12:13] Michael_Bateman purchased a baseball bat.
[22.09|12:14] Michael_Bateman purchased a bottle of beer.
[22.09|12:14] Michael_Bateman purchased a bottle of beer.
[22.09|12:15] Larry_Harr purchased a phone.
[22.09|12:15] Larry_Harr purchased a SIM Card, number 725159.
[22.09|12:28] Aaron_Hendrikson purchased a phone.
[22.09|12:28] Aaron_Hendrikson purchased a SIM Card, number 630094.
[22.09|12:41] Lee_Coleman purchased a phone.
[22.09|12:41] Lee_Coleman purchased a SIM Card, number 277976.
[22.09|12:41] Kane_Coleman purchased a phone.
[22.09|12:41] Kane_Coleman purchased a SIM Card, number 248123.
[22.09|12:51] Edward_Dongpham purchased a bottle of beer.
[22.09|12:51] Edward_Dongpham purchased a bottle of beer.
[22.09|13:23] George_Carpenter purchased a pack of cigarettes.
[22.09|13:40] Denson_Brown purchased a phone.
[22.09|13:40] Denson_Brown purchased a SIM Card, number 397897.
[22.09|13:51] Larry_Harr purchased a pack of cigarettes.
[22.09|13:51] Larry_Harr purchased a bottle of beer.
[22.09|13:51] Larry_Harr purchased a bottle of beer.
[22.09|13:51] Larry_Harr purchased a baseball bat.
[22.09|13:52] Nelson_Ong purchased a screwdriver.
[22.09|13:54] Apisaloma_Misipeka purchased a medical kit.
[22.09|13:55] Toafa_Lapomaua purchased a medical kit.
[22.09|13:57] Bryann_Stewart purchased a medical kit.
[22.09|13:58] John_Haye purchased a phone.
[22.09|13:58] John_Haye purchased a SIM Card, number 239014.
[22.09|14:00] Reshawn_Marks purchased a screwdriver.
[22.09|14:00] Reshawn_Marks purchased a toolbox.
[22.09|14:00] Reshawn_Marks purchased a screwdriver.
[22.09|14:00] Reshawn_Marks purchased a screwdriver.
[22.09|14:00] Reshawn_Marks purchased a screwdriver.
[22.09|14:08] Kaitlyn_Clarke purchased a phone.
[22.09|14:08] Kaitlyn_Clarke purchased a SIM Card, number 669421.
[22.09|14:09] Jessica_Reid purchased a portable radio.
[22.09|14:12] Toafa_Lapomaua purchased a can of gasoline.
[22.09|14:15] Toafa_Lapomaua purchased a can of gasoline.
[22.09|14:34] Val_West purchased a phone.
[22.09|14:34] Val_West purchased a SIM Card, number 366179.
[22.09|14:35] Apisaloma_Misipeka purchased a medical kit.
[22.09|14:35] Apisaloma_Misipeka purchased a medical kit.
[22.09|14:35] Toafa_Lapomaua purchased a medical kit.
[22.09|14:42] Michael_Zitto purchased a cigarette.
[22.09|14:55] Kyle_Thurlow purchased a phone.
[22.09|14:55] Kyle_Thurlow purchased a SIM Card, number 158995.
[22.09|15:26] Daniel_Voight purchased a portable radio.
[22.09|15:59] Armani_Young purchased a phone.
[22.09|15:59] Armani_Young purchased a SIM Card, number 372798.
[22.09|16:01] Johnny_Landell purchased a phone.
[22.09|16:01] Johnny_Landell purchased a SIM Card, number 572047.
[22.09|16:01] Kenneth_Willoughby purchased a phone.
[22.09|16:02] Kenneth_Willoughby purchased a SIM Card, number 727340.
[22.09|16:02] Kenneth_Willoughby purchased a pack of cigarettes.
[22.09|16:07] Eric_Raymond purchased a notebook.
[22.09|16:21] Christopher_Delacruz purchased a phone.
[22.09|16:21] Christopher_Delacruz purchased a phone.
[22.09|16:21] Christopher_Delacruz purchased a bottle of beer.
[22.09|16:21] Christopher_Delacruz purchased a bottle of wine.
[22.09|16:21] Mike_Seras purchased a Gym Membership.
[22.09|16:21] Christopher_Delacruz purchased a pack of cigarettes.
[22.09|16:43] Jesse_Sprenner purchased a phone.
[22.09|16:43] Jesse_Sprenner purchased a SIM Card, number 770150.
[22.09|16:44] Mike_Seras purchased a phone.
[22.09|16:48] Mike_Seras purchased a SIM Card, number 771935.
[22.09|16:48] Mike_Seras purchased a pack of cigarettes.
[22.09|16:48] Mike_Seras purchased a bottle of beer.
[22.09|17:44] Lara_Williams purchased a phone.
[22.09|17:44] Lara_Williams purchased a SIM Card, number 859601.
[22.09|19:20] Bryce_Russell purchased a phone.
[22.09|19:20] Bryce_Russell purchased a SIM Card, number 579469.
[22.09|19:21] Bryce_Russell purchased a pack of cigarettes.
[22.09|19:41] Damagio_Ibarra purchased a cigarette.
[22.09|19:52] Dean_Cracchiolo purchased a phone.
[22.09|19:53] Dean_Cracchiolo purchased a SIM Card, number 295896.
[22.09|19:53] Dean_Cracchiolo purchased a notebook.
[22.09|20:00] Damagio_Ibarra purchased a phone.
[22.09|20:00] Damagio_Ibarra purchased a SIM Card, number 597334.
[22.09|20:05] Zoey_Titus purchased a phone.
[22.09|20:06] Zoey_Titus purchased a SIM Card, number 466923.
[22.09|20:06] Steve_Villen purchased a pack of cigarettes.
[22.09|20:08] Juwan_Niller purchased a phone.
[22.09|20:08] Juwan_Niller purchased a SIM Card, number 393455.
[22.09|20:28] Tyrone_Harrison purchased a phone.
[22.09|20:29] Tyrone_Harrison purchased a SIM Card, number 219069.
[22.09|20:39] Tyrone_Harrison purchased a Protein Shake.
[22.09|20:39] Tyrone_Harrison purchased a Protein Shake.
[22.09|20:39] Tyrone_Harrison purchased a Protein Shake.
[22.09|20:39] Tyrone_Harrison purchased a Protein Shake.
[22.09|20:40] Damagio_Ibarra purchased a pack of cigarettes.
[22.09|20:48] Calvin_Evergreen purchased a baseball bat.
[22.09|20:48] Calvin_Evergreen purchased a screwdriver.
[22.09|20:49] Calvin_Evergreen purchased a medical kit.
[22.09|21:13] Alyssa_DeSean purchased a phone.
[22.09|21:13] Alyssa_DeSean purchased a phone.
[22.09|21:13] Alyssa_DeSean purchased a SIM Card, number 833013.
[22.09|21:45] Melvin_Harrison purchased a Gym Membership.
[22.09|21:49] Bob_Dickens purchased a phone.
[22.09|21:49] Bob_Dickens purchased a SIM Card, number 234994.
[22.09|21:49] Bob_Dickens purchased a portable radio.
[22.09|22:23] Tyrone_Harrison purchased a screwdriver.
[22.09|22:25] Anthony_Gardner purchased a SIM Card, number 392545.
[22.09|23:22] Silvio_Pampena purchased a phone.
[22.09|23:22] Silvio_Pampena purchased a SIM Card, number 759750.
[22.09|23:23] Silvio_Pampena purchased a pack of cigarettes.
[22.09|23:23] Silvio_Pampena purchased a baseball bat.
[22.09|23:37] Anthony_Gardner purchased a bottle of beer.
[22.09|23:58] Barry_Apple purchased a bottle of beer.
[23.09|00:07] Reginald_Baldwin purchased a phone.
[23.09|00:07] Reginald_Baldwin purchased a SIM Card, number 598847.
[23.09|00:48] Rico_Arias purchased a baseball bat.
[23.09|00:49] Rico_Arias purchased a phone.
[23.09|00:49] Rico_Arias purchased a SIM Card, number 504991.
[23.09|00:49] Rico_Arias purchased a screwdriver.
[23.09|01:14] Ashley_Storm purchased a baseball bat.
[23.09|01:14] Ashley_Storm purchased a phone.
[23.09|01:14] Ashley_Storm purchased a SIM Card, number 255519.
[23.09|01:18] Deeks_Muviligo purchased a phone.
[23.09|01:18] Deeks_Muviligo purchased a SIM Card, number 868271.
[23.09|01:32] Benjamin_Tomaselli purchased a phone.
[23.09|01:32] Benjamin_Tomaselli purchased a SIM Card, number 849536.
[23.09|03:52] Mike_Seras purchased a baseball bat.
[23.09|03:57] Siara_Ramirez purchased a phone.
[23.09|03:57] Siara_Ramirez purchased a SIM Card, number 893384.
[23.09|04:08] Jesse_Sprenner purchased a can of gasoline.
[23.09|04:32] Tyrone_Harrison purchased a baseball bat.
[23.09|04:42] Mark_Guiller purchased a phone.
[23.09|04:42] Mark_Guiller purchased a SIM Card, number 584924.
[23.09|05:11] Andre_Boomin purchased a toolbox.
[23.09|05:11] Andre_Boomin purchased a 5 liter spraycan.
[23.09|05:11] Andre_Boomin purchased a phone.
[23.09|05:11] Andre_Boomin purchased a SIM Card, number 199371.
[23.09|05:18] Eric_Raymond purchased a can of gasoline.
[23.09|05:27] Mario_Fischetti purchased a phone.
[23.09|05:27] Mario_Fischetti purchased a SIM Card, number 389489.
[23.09|05:30] Antonio_Moretti purchased a phone.
[23.09|05:30] Antonio_Moretti purchased a SIM Card, number 113713.
[23.09|15:12] Christopher_Delacruz purchased a medical kit.
[23.09|15:22] Richardo_Fischetti purchased a phone.
[23.09|15:22] Richardo_Fischetti purchased a SIM Card, number 321078.
[23.09|15:23] Richardo_Fischetti purchased a notebook.
[23.09|15:23] Richardo_Fischetti purchased a pack of cigarettes.
[23.09|16:01] Mario_Fischetti purchased a pack of cigarettes.
[23.09|16:01] Mario_Fischetti purchased a notebook.
[23.09|16:01] Mario_Fischetti purchased a bottle of beer.
[23.09|16:06] Luis_Ortiz purchased a phone.
[23.09|16:06] Luis_Ortiz purchased a SIM Card, number 666519.
[23.09|16:06] Luis_Ortiz purchased a pack of cigarettes.
[23.09|16:22] Daniel_Voight purchased a phone.
[23.09|16:22] Daniel_Voight purchased a SIM Card, number 824863.
[23.09|16:42] Giovanni_Barone purchased a camera.
[23.09|16:57] Giovanni_Barone purchased a phone.
[23.09|16:57] Giovanni_Barone purchased a SIM Card, number 765216.
[23.09|16:59] Eric_Raymond purchased a medical kit.
[23.09|17:07] Yeva_Zakuskova purchased a phone.
[23.09|17:07] Yeva_Zakuskova purchased a SIM Card, number 489907.
[23.09|17:21] Rico_Arias purchased a stereo.
[23.09|17:21] Rico_Arias purchased a 5 liter spraycan.
[23.09|17:31] Darren_Cavazos purchased a bottle of wine.
[23.09|17:38] Darren_Cavazos purchased a Gym Membership.
[23.09|17:53] Curtis_Rivera purchased a phone.
[23.09|17:53] Curtis_Rivera purchased a SIM Card, number 591536.
[23.09|18:04] Val_West purchased a 5 liter spraycan.
[23.09|18:04] David_Scarlo purchased a phone.
[23.09|18:04] David_Scarlo purchased a SIM Card, number 336415.
[23.09|18:44] Declan_Ferrell purchased a phone.
[23.09|18:44] Declan_Ferrell purchased a SIM Card, number 911454.
[23.09|19:08] Dexter_Kid purchased a phone.
[23.09|19:08] Dexter_Kid purchased a SIM Card, number 712883.
[23.09|19:27] Edward_Dongpham purchased bandages.
[23.09|19:28] Edward_Dongpham purchased a medical kit.
[23.09|19:32] Elizabeth_Barrett purchased a phone.
[23.09|19:32] Elizabeth_Barrett purchased a SIM Card, number 437839.
[23.09|19:51] Kemoni_Erby purchased a can of gasoline.
[23.09|19:51] Kemoni_Erby purchased a phone.
[23.09|19:51] Kemoni_Erby purchased a SIM Card, number 828503.
[23.09|20:06] Toafa_Lapomaua purchased a 5 liter spraycan.
[23.09|20:07] Toafa_Lapomaua purchased a 5 liter spraycan.
[23.09|21:05] Robert_Petrocelli purchased a baseball bat.
[23.09|21:06] Robert_Petrocelli purchased bandages.
[23.09|21:29] Tyrone_Harrison purchased a pack of cigarettes.
[23.09|21:49] Mario_Fischetti purchased a baseball bat.
[23.09|21:50] Mario_Fischetti purchased a 5 liter spraycan.
[23.09|22:06] Reginald_Baldwin purchased a pack of cigarettes.
[23.09|22:06] Reginald_Baldwin purchased a bottle of beer.
[23.09|22:06] Reginald_Baldwin purchased a notebook.
[23.09|22:22] Elizabeth_Barrett purchased a bottle of wine.
[23.09|22:32] Ariana_Brooks purchased a phone.
[23.09|22:32] Ariana_Brooks purchased a SIM Card, number 682396.
[23.09|22:34] Buddy_Randall purchased a sprunk.
[23.09|22:34] Apisaloma_Misipeka purchased a stereo.
[23.09|22:37] Buddy_Randall purchased a medical kit.
[23.09|22:47] Robert_Petrocelli purchased a pack of cigarettes.
[23.09|23:11] Anthony_Scatera purchased a phone.
[23.09|23:11] Anthony_Scatera purchased a SIM Card, number 383879.
[23.09|23:12] Anthony_Scatera purchased a portable radio.
[23.09|23:43] Val_West purchased a mask.
[23.09|23:43] Emilio_Gaviria purchased a phone.
[23.09|23:43] Emilio_Gaviria purchased a SIM Card, number 179450.
[23.09|23:50] Leonard_Pesaro purchased a pack of cigarettes.
[23.09|23:51] Val_West purchased a medical kit.
[23.09|23:51] Val_West purchased a medical kit.
[23.09|23:51] Val_West purchased a medical kit.
[23.09|23:51] Val_West purchased a medical kit.
[23.09|23:51] Val_West purchased a medical kit.
[23.09|23:51] Val_West purchased a camera.
[23.09|23:51] Val_West purchased a can of gasoline.
[23.09|23:54] Austin_Voight purchased a phone.
[23.09|23:54] Austin_Voight purchased a SIM Card, number 154003.
[23.09|23:54] Austin_Voight purchased a camera.
[23.09|23:54] Austin_Voight purchased a pack of cigarettes.
[23.09|23:54] Keith_Carter purchased a pack of cigarettes.
[23.09|23:54] Keith_Carter purchased a phone.
[23.09|23:54] Keith_Carter purchased a SIM Card, number 320419.
[24.09|00:08] Leonard_Pesaro purchased a desert eagle, serial: 34735.
[24.09|00:08] Leonard_Pesaro purchased 9x19mm.
[24.09|00:09] Leonard_Pesaro purchased .50cal.
[24.09|00:09] Leonard_Pesaro purchased 5.56x45mm.
[24.09|00:19] Tommy_Montelli purchased a phone.
[24.09|00:19] Tommy_Montelli purchased a SIM Card, number 144976.
[24.09|00:20] Tommy_Montelli purchased a phone.
[24.09|00:20] Tommy_Montelli purchased a SIM Card, number 314573.
[24.09|00:23] Tommy_Montelli purchased a phone.
[24.09|00:23] Tommy_Montelli purchased a SIM Card, number 896738.
[24.09|00:53] Theodore_Yohannes purchased a notebook.
[24.09|01:11] Leroy_Young purchased a phone.
[24.09|01:11] Leroy_Young purchased a SIM Card, number 828323.
[24.09|02:23] Cleavon_Davis purchased a phone.
[24.09|02:23] Cleavon_Davis purchased a SIM Card, number 519071.
[24.09|02:27] Colby_Montminy purchased a phone.
[24.09|02:27] Colby_Montminy purchased a portable radio.
[24.09|02:27] Colby_Montminy purchased a SIM Card, number 213057.
[24.09|02:27] Patrick_Hall purchased a desert eagle, serial: 97556.
[24.09|02:28] Patrick_Hall purchased 9x19mm.
[24.09|02:28] Patrick_Hall purchased .50cal.
[24.09|02:30] Toafa_Lapomaua purchased a medical kit.
[24.09|02:31] Patrick_Hall purchased a medical kit.
[24.09|02:32] Josh_Zorn purchased a pack of cigarettes.
[24.09|02:32] Josh_Zorn purchased a phone.
[24.09|02:32] Josh_Zorn purchased a SIM Card, number 396134.
[24.09|02:39] Toafa_Lapomaua purchased a medical kit.
[24.09|02:39] Patrick_Hall purchased a rifle, serial: 17637.
[24.09|02:39] Patrick_Hall purchased 7.62x39mm.
[24.09|02:39] Patrick_Hall purchased 5.56x45mm.
[24.09|02:39] Patrick_Hall purchased 12 Gauge.
[24.09|02:39] Patrick_Hall purchased 7x62x51mm.
[24.09|02:40] Patrick_Hall purchased a shotgun, serial: 92932.
[24.09|02:40] Patrick_Hall purchased a pepper spray.
[24.09|02:40] Patrick_Hall purchased a desert eagle, serial: 66697.
[24.09|02:40] Patrick_Hall purchased armor.
[24.09|02:46] Eric_Raymond purchased a portable radio.
[24.09|02:56] Nikola_Cvorkov purchased a phone.
[24.09|02:56] Nikola_Cvorkov purchased a SIM Card, number 656855.
[24.09|03:37] Patrick_Hall purchased a desert eagle, serial: 30583.
[24.09|03:37] Patrick_Hall purchased .50cal.
[24.09|03:43] David_Scarlo purchased a sprunk.
[24.09|03:49] Aaron_Knoxx purchased a phone.
[24.09|03:49] Aaron_Knoxx purchased a SIM Card, number 951811.
[24.09|03:51] Toafa_Lapomaua purchased a screwdriver.
[24.09|03:51] Toafa_Lapomaua purchased a medical kit.
[24.09|04:46] Toafa_Lapomaua purchased armor.
[24.09|04:46] Toafa_Lapomaua purchased armor.
[24.09|04:47] Toafa_Lapomaua purchased armor.
[24.09|04:47] Toafa_Lapomaua purchased armor.
[24.09|04:47] Toafa_Lapomaua purchased armor.
[24.09|04:47] Toafa_Lapomaua purchased armor.
[24.09|05:10] Tom_Robert purchased a phone.
[24.09|05:10] Tom_Robert purchased a SIM Card, number 888706.
[24.09|05:10] Tom_Robert purchased a pack of cigarettes.
[24.09|05:32] Jacob_Sera purchased a phone.
[24.09|05:33] Jacob_Sera purchased a phone.
[24.09|05:33] Jacob_Sera purchased a SIM Card, number 786565.
[24.09|05:33] Jacob_Sera purchased a SIM Card, number 693756.
[24.09|06:15] Cleavon_Davis purchased a medical kit.
[24.09|06:15] Tom_Robert purchased a medical kit.
[24.09|06:25] Cleavon_Davis purchased a medical kit.
[24.09|06:25] Cleavon_Davis purchased a baseball bat.
[24.09|07:49] Colby_Montminy purchased a portable radio.
[24.09|07:59] James_Morrow purchased a toolbox.
[24.09|07:59] James_Morrow purchased a phone.
[24.09|07:59] James_Morrow purchased a SIM Card, number 346255.
[24.09|08:19] Benjamin_Tomaselli purchased a Gym Membership.
[24.09|08:31] Hlias_Andonopoulos purchased a phone.
[24.09|08:31] Hlias_Andonopoulos purchased a SIM Card, number 320252.
[24.09|09:36] Dennis_Blood purchased a screwdriver.
[24.09|09:37] Dennis_Blood purchased a phone.
[24.09|09:37] Dennis_Blood purchased a SIM Card, number 905139.
[24.09|09:37] Dennis_Blood purchased a pack of cigarettes.
[24.09|09:58] Robert_Watson purchased a can of gasoline.
[24.09|10:10] Flynn_Lloyd purchased a phone.
[24.09|10:10] Flynn_Lloyd purchased a SIM Card, number 114235.
[24.09|10:10] Flynn_Lloyd purchased a screwdriver.
[24.09|10:13] Mario_Fischetti purchased a stereo.
[24.09|10:13] Mario_Fischetti purchased bandages.
[24.09|11:24] Michael_Zitto purchased a pack of cigarettes.
[24.09|11:32] Felix_Tejada purchased a phone.
[24.09|11:33] Felix_Tejada purchased a SIM Card, number 449564.
[24.09|11:42] Mario_Fischetti purchased a can of gasoline.
[24.09|11:48] Mario_Fischetti purchased a toolbox.
[24.09|12:16] Reginald_Baldwin purchased a 5 liter spraycan.
[24.09|13:13] Daniel_Voight purchased a Protein Shake.
[24.09|13:52] Robert_Petrocelli purchased a phone.
[24.09|13:52] Robert_Petrocelli purchased a SIM Card, number 982722.
[24.09|14:20] Mario_Fischetti purchased a 5 liter spraycan.
[24.09|14:20] Mario_Fischetti purchased a 5 liter spraycan.
[24.09|14:20] Mario_Fischetti purchased a 5 liter spraycan.
[24.09|14:38] Robert_Petrocelli purchased a Protein Shake.
[24.09|14:46] Mark_Guiller purchased bandages.
[24.09|14:59] Boris_Kovalevsky purchased a phone.
[24.09|14:59] Boris_Kovalevsky purchased a SIM Card, number 156869.
[24.09|15:03] Joshua_Trujillo purchased a phone.
[24.09|15:03] Joshua_Trujillo purchased a SIM Card, number 109356.
[24.09|15:11] Tyrone_Harrison purchased a medical kit.
[24.09|15:47] Toafa_Lapomaua purchased a bottle of beer.
[24.09|15:52] Armando_Alvarez purchased a pack of cigarettes.
[24.09|15:52] Armando_Alvarez purchased a pack of cigarettes.
[24.09|15:52] Armando_Alvarez purchased a pack of cigarettes.
[24.09|16:19] Sean_Baker purchased a bottle of beer.
[24.09|16:19] Sean_Baker purchased a bottle of beer.
[24.09|16:19] Sean_Baker purchased a bottle of beer.
[24.09|16:19] Sean_Baker purchased a phone.
[24.09|16:19] Sean_Baker purchased a SIM Card, number 582306.
[24.09|16:27] Leroy_Young purchased a notebook.
[24.09|16:30] Toafa_Lapomaua purchased a bottle of beer.
[24.09|16:31] Joshua_Trujillo purchased a pack of cigarettes.
[24.09|16:31] Joshua_Trujillo purchased a bottle of beer.
[24.09|17:23] Blake_Girottio purchased a phone.
[24.09|17:23] Blake_Girottio purchased a SIM Card, number 333401.
[24.09|17:48] Paddy_Weston purchased a phone.
[24.09|17:48] Paddy_Weston purchased a SIM Card, number 609086.
[24.09|17:49] Harold_Dickens purchased a phone.
[24.09|17:49] Harold_Dickens purchased a SIM Card, number 493707.
[24.09|18:07] Joshua_Thompson purchased a pack of cigarettes.
[24.09|18:07] Joshua_Thompson purchased a phone.
[24.09|18:07] Joshua_Thompson purchased a SIM Card, number 869013.
[24.09|18:08] Malik_Montana purchased a baseball bat.
[24.09|18:23] Eric_Raymond purchased a camera.
[24.09|18:31] David_Scarlo purchased a sprunk.
[24.09|18:44] Thomas_Spero purchased a phone.
[24.09|18:44] Thomas_Spero purchased a SIM Card, number 791513.
[24.09|18:45] Malik_Montana purchased a baseball bat.
[24.09|19:02] Davis_Capone purchased a phone.
[24.09|19:02] Davis_Capone purchased a SIM Card, number 466304.
[24.09|19:02] Davis_Capone purchased a portable radio.
[24.09|19:03] Vincent_Bianco purchased a phone.
[24.09|19:03] Vincent_Bianco purchased a SIM Card, number 711288.
[24.09|19:03] Davis_Capone purchased a medical kit.
[24.09|19:12] Terrance_Bailey purchased a stereo.
[24.09|19:39] Thomas_Spero purchased a phone.
[24.09|19:39] Thomas_Spero purchased a SIM Card, number 986827.
[24.09|19:42] Leonard_Pesaro purchased a stereo.
[24.09|20:09] Anthony_Scatera purchased a phone.
[24.09|20:09] Anthony_Scatera purchased a SIM Card, number 947100.
[24.09|20:25] Patrick_Deegan purchased a cigarette.
[24.09|20:44] Matthew_Liu purchased a phone.
[24.09|20:44] Matthew_Liu purchased a SIM Card, number 531342.
[24.09|20:45] Matthew_Liu purchased a notebook.
[24.09|21:02] Thomas_Cassano purchased a pack of cigarettes.
[24.09|21:02] Thomas_Cassano purchased a baseball bat.
[24.09|21:02] Thomas_Cassano purchased a phone.
[24.09|21:02] Thomas_Cassano purchased a SIM Card, number 583394.
[24.09|21:03] Dennis_Blood purchased a medical kit.
[24.09|21:28] TreShawn_Banks purchased bandages.
[24.09|21:30] Gavin_Rucker purchased a can of gasoline.
[24.09|21:39] Daniel_Bunting purchased a Gym Membership.
[24.09|21:41] Daniel_Bunting purchased a Protein Shake.
[24.09|21:43] Larry_Harr purchased a bottle of beer.
[24.09|21:43] Larry_Harr purchased a bottle of beer.
[24.09|21:43] Larry_Harr purchased a bottle of beer.
[24.09|21:56] James_Morrow purchased a portable radio.
[24.09|22:12] Deeks_Muviligo purchased a phone.
[24.09|22:12] Deeks_Muviligo purchased a SIM Card, number 943595.
[24.09|22:31] Armani_Young purchased a sprunk.
[24.09|23:01] Armani_Young purchased a bottle of beer.
[24.09|23:02] Armani_Young purchased a bottle of beer.
[25.09|01:44] Jackson_Belucci purchased a screwdriver.
[25.09|02:59] Deuce_Lyve purchased a medical kit.
[25.09|03:39] Jack_Ruggiero purchased a phone.
[25.09|03:39] Jack_Ruggiero purchased a SIM Card, number 573008.
[25.09|03:39] Jack_Ruggiero purchased a pack of cigarettes.
[25.09|04:07] Daniel_Voight purchased a phone.
[25.09|04:07] Daniel_Voight purchased a SIM Card, number 412830.
[25.09|04:30] Anthony_Moore purchased a phone.
[25.09|04:30] Anthony_Moore purchased a SIM Card, number 855304.
[25.09|04:47] Brandon_Shaw purchased a can of gasoline.
[25.09|04:47] Brandon_Shaw purchased a phone.
[25.09|04:47] Brandon_Shaw purchased a SIM Card, number 860210.
[25.09|04:47] Kayson_West purchased a phone.
[25.09|04:47] Kayson_West purchased a SIM Card, number 983076.
[25.09|05:18] Blake_Girottio purchased a pack of cigarettes.
[25.09|05:19] Blake_Girottio purchased a pack of cigarettes.
[25.09|05:33] Patrick_Hall purchased a rifle, serial: 70423.
[25.09|05:33] Patrick_Hall purchased 7x62x51mm.
[25.09|05:50] Ryder_Maddox purchased a phone.
[25.09|05:50] Ryder_Maddox purchased a SIM Card, number 623891.
[25.09|05:51] Ryder_Maddox purchased a notebook.
[25.09|05:51] Ryder_Maddox purchased bandages.
[25.09|05:51] Ryder_Maddox purchased bandages.
[25.09|05:51] Ryder_Maddox purchased bandages.
[25.09|08:36] Dennis_Blood purchased a screwdriver.
[25.09|09:57] Dennis_Blood purchased a pack of cigarettes.
[25.09|11:19] Dennis_Blood purchased a 5 liter spraycan.
[25.09|12:53] Zacheus_Marcelo purchased a phone.
[25.09|12:53] Zacheus_Marcelo purchased a SIM Card, number 198103.
[25.09|12:54] Tyrone_Harrison purchased a mask.
[25.09|14:11] Davis_Capone purchased a mask.
[25.09|14:54] Lamar_Towns purchased a phone.
[25.09|14:55] Lamar_Towns purchased a SIM Card, number 855940.
[25.09|14:55] Damagio_Ibarra purchased a cigarette.
[25.09|14:56] Damagio_Ibarra purchased a pack of cigarettes.
[25.09|15:42] Terrance_Bailey purchased bandages.
[25.09|15:42] Terrance_Bailey purchased a stereo.
[25.09|15:44] Zacheus_Marcelo purchased a 5 liter spraycan.
[25.09|15:52] Kenneth_Willoughby purchased a phone.
[25.09|15:52] Kenneth_Willoughby purchased a SIM Card, number 153122.
[25.09|15:53] Kenneth_Willoughby purchased bandages.
[25.09|15:53] Kenneth_Willoughby purchased a pack of cigarettes.
[25.09|15:53] Huey_Carmichael purchased a mask.
[25.09|16:05] Tyrone_Harrison purchased a cigarette.
[25.09|16:06] Huey_Carmichael purchased a shotgun, serial: 33934.
[25.09|16:06] Huey_Carmichael purchased 12 Gauge.
[25.09|16:06] Huey_Carmichael purchased 12 Gauge.
[25.09|16:06] Huey_Carmichael purchased a shotgun, serial: 58558.
[25.09|16:19] Mark_Guiller purchased a sprunk.
[25.09|16:20] Denson_Brown purchased a sprunk.
[25.09|16:23] Dwayne_Williams purchased a sprunk.
[25.09|16:24] Huey_Carmichael purchased a cigarette.
[25.09|16:28] Ezequiel_Wiggins purchased a phone.
[25.09|16:28] Ezequiel_Wiggins purchased a SIM Card, number 157505.
[25.09|16:50] Mitchell_Payne purchased a phone.
[25.09|16:50] Mitchell_Payne purchased a SIM Card, number 769637.
[25.09|17:24] Deeks_Muviligo purchased a phone.
[25.09|17:24] Deeks_Muviligo purchased a SIM Card, number 138332.
[25.09|17:24] Deeks_Muviligo purchased a pack of cigarettes.
[25.09|17:47] Daniel_Washington purchased a baseball bat.
[25.09|17:47] Daniel_Washington purchased a phone.
[25.09|17:47] Daniel_Washington purchased a SIM Card, number 551087.
[25.09|18:05] Malik_Montana purchased a phone.
[25.09|18:05] Malik_Montana purchased a SIM Card, number 621227.
[25.09|18:10] Anjawon_Pitts purchased a phone.
[25.09|18:10] Anjawon_Pitts purchased a SIM Card, number 567717.
[25.09|18:10] Malik_Montana purchased a baseball bat.
[25.09|18:11] Rebecca_Tang purchased a phone.
[25.09|18:11] Rebecca_Tang purchased a SIM Card, number 352394.
[25.09|18:40] Thomas_Cassano purchased a baseball bat.
[25.09|19:23] Joshua_Trujillo purchased a pack of cigarettes.
[25.09|19:26] Anthony_Knight purchased a phone.
[25.09|19:27] Anthony_Knight purchased a SIM Card, number 199370.
[25.09|19:27] Anthony_Knight purchased a pack of cigarettes.
[25.09|19:29] Leonard_Pesaro purchased a cigarette.
[25.09|19:29] Patrick_Deegan purchased a phone.
[25.09|19:29] Patrick_Deegan purchased a SIM Card, number 885781.
[25.09|19:29] Jerr_Hollison purchased a phone.
[25.09|19:29] Jerr_Hollison purchased a SIM Card, number 764934.
[25.09|19:42] Eric_Frezeli purchased a phone.
[25.09|19:42] Eric_Frezeli purchased a SIM Card, number 843295.
[25.09|20:01] Daniel_Bunting purchased a portable radio.
[25.09|20:01] Daniel_Bunting purchased a phone.
[25.09|20:01] Daniel_Bunting purchased a SIM Card, number 818082.
[25.09|20:35] Charles_Sines purchased a phone.
[25.09|20:35] Charles_Sines purchased a SIM Card, number 519243.
[25.09|20:40] Dyonte_Wilson purchased a phone.
[25.09|20:40] Dyonte_Wilson purchased a SIM Card, number 574240.
[25.09|21:52] Armani_Young purchased a mask.
[25.09|21:52] Armani_Young purchased a screwdriver.
[25.09|21:53] Mike_Rydah purchased a phone.
[25.09|21:53] Mike_Rydah purchased a SIM Card, number 460000.
[25.09|22:22] Eustace_Horvat purchased a phone.
[25.09|22:22] Eustace_Horvat purchased a SIM Card, number 605189.
[25.09|22:22] Eustace_Horvat purchased a bottle of beer.
[25.09|23:05] Larry_Harr purchased a pack of cigarettes.
[25.09|23:12] Marcus_Lynch purchased a phone.
[25.09|23:12] Marcus_Lynch purchased a SIM Card, number 430546.
[25.09|23:14] Tyrone_Harrison purchased a medical kit.
[25.09|23:16] Tyrone_Harrison purchased a medical kit.
[25.09|23:16] Tyrone_Harrison purchased a pack of cigarettes.
[25.09|23:30] Charles_Sines purchased a portable radio.
[25.09|23:31] Mitchell_Unger purchased a phone.
[25.09|23:32] Mitchell_Unger purchased a SIM Card, number 261968.
[25.09|23:32] Mitchell_Unger purchased a pack of cigarettes.
[25.09|23:39] Tyrone_Harrison purchased a screwdriver.
[25.09|23:54] Mike_Rydah purchased a 5 liter spraycan.
[26.09|00:01] Rutherford_Gaviria purchased a 5 liter spraycan.
[26.09|00:34] Tylan_Jackson purchased a phone.
[26.09|00:34] Tylan_Jackson purchased a SIM Card, number 850743.
[26.09|00:36] Victor_Scalesi purchased a phone.
[26.09|00:36] Victor_Scalesi purchased a SIM Card, number 938949.
[26.09|00:56] Tyrone_Harrison purchased a 5 liter spraycan.
[26.09|00:57] Tyrone_Harrison purchased a baseball bat.
[26.09|01:14] Tylan_Jackson purchased a Protein Shake.
[26.09|01:17] Tyrone_Harrison purchased a sprunk.
[26.09|01:18] Davis_Capone purchased a cigarette.
[26.09|02:26] Darren_Cavazos purchased a phone.
[26.09|02:26] Darren_Cavazos purchased a SIM Card, number 409020.
[26.09|02:34] Lawndre_Bledsoe purchased a phone.
[26.09|02:34] Lawndre_Bledsoe purchased a SIM Card, number 323423.
[26.09|04:18] Brandon_Shaw purchased a camera.
[26.09|04:26] Brandon_Shaw purchased a stereo.
[26.09|04:32] Mitchell_Carson purchased a stereo.
[26.09|06:08] Colby_Montminy purchased a portable radio.
[26.09|06:08] Colby_Montminy purchased a phone.
[26.09|06:09] Colby_Montminy purchased a SIM Card, number 960664.
[26.09|06:10] Colby_Montminy purchased a stereo.
[26.09|06:10] Abdul_Patel purchased a phone.
[26.09|06:10] Abdul_Patel purchased a SIM Card, number 674664.
[26.09|06:10] Abdul_Patel purchased a pack of cigarettes.
[26.09|07:11] LoDell_Mays purchased a phone.
[26.09|07:11] LoDell_Mays purchased a SIM Card, number 727399.
[26.09|13:05] Huey_Carmichael purchased a sprunk.
[26.09|13:54] Huey_Carmichael purchased armor.
[26.09|13:55] Huey_Carmichael purchased a desert eagle, serial: 34591.
[26.09|13:55] Huey_Carmichael purchased 9x19mm.
[26.09|13:55] Huey_Carmichael purchased 5.56x45mm.
[26.09|13:56] Huey_Carmichael purchased .50cal.
[26.09|14:02] Mike_Rydah purchased a baseball bat.
[26.09|14:02] Mike_Rydah purchased a screwdriver.
[26.09|14:03] Mike_Rydah purchased bandages.
[26.09|14:03] Mike_Rydah purchased a can of gasoline.
[26.09|14:04] Mike_Rydah purchased a medical kit.
[26.09|14:14] Huey_Carmichael purchased a stereo.
[26.09|14:17] Leonard_Pesaro purchased .50cal.
[26.09|15:05] Ezequiel_Wiggins purchased a sprunk.
[26.09|15:36] Leonard_Pesaro purchased a medical kit.
[26.09|15:59] Dean_Cracchiolo purchased a can of gasoline.
[26.09|16:00] Dean_Cracchiolo purchased a pack of cigarettes.
[26.09|16:13] Quinn_Davis purchased a phone.
[26.09|16:13] Quinn_Davis purchased a SIM Card, number 771144.
[26.09|17:12] Quinn_Clarke purchased a phone.
[26.09|17:12] Quinn_Clarke purchased a SIM Card, number 969289.
[26.09|17:13] Quinn_Clarke purchased a notebook.
[26.09|17:22] Hugh_Banks purchased a medical kit.
[26.09|17:23] Dennis_Blood purchased a portable radio.
[26.09|17:23] Zacheus_Marcelo purchased a portable radio.
[26.09|17:28] Tyrone_Harrison purchased a 5 liter spraycan.
[26.09|17:39] Robert_Petrocelli purchased a Protein Shake.
[26.09|17:50] Thomas_Cassano purchased a cigarette.
[26.09|17:54] Quinn_Clarke purchased a pack of cigarettes.
[26.09|19:10] Thomas_Cassano purchased a baseball bat.
[26.09|19:10] Thomas_Cassano purchased a pack of cigarettes.
[26.09|19:11] Thomas_Cassano purchased a medical kit.
[26.09|19:56] Quinn_Clarke purchased a baseball bat.
[26.09|20:04] Quinn_Clarke purchased a camera.
[26.09|21:18] Dion_Wiggins purchased a phone.
[26.09|21:18] Dion_Wiggins purchased a SIM Card, number 537925.
[26.09|21:18] Robert_Petrocelli purchased a pack of cigarettes.
[26.09|21:19] Dion_Wiggins purchased a stereo.
[26.09|21:21] Blake_Girottio purchased a screwdriver.
[26.09|21:21] Blake_Girottio purchased a 5 liter spraycan.
[26.09|21:25] Dion_Wiggins purchased a 5 liter spraycan.
[26.09|21:25] Dean_Cracchiolo purchased bandages.
[26.09|21:28] Dion_Wiggins purchased a 5 liter spraycan.
[26.09|21:30] Stanley_Cooper purchased a phone.
[26.09|21:30] Stanley_Cooper purchased a SIM Card, number 112965.
[26.09|21:33] Dion_Wiggins purchased a toolbox.
[26.09|21:42] Jordan_Johnson purchased a phone.
[26.09|21:43] Jordan_Johnson purchased a SIM Card, number 206490.
[26.09|21:51] Val_West purchased a toolbox.
[26.09|21:54] Scott_Fenton purchased a phone.
[26.09|21:54] Scott_Fenton purchased a SIM Card, number 533807.
[26.09|21:54] Scott_Fenton purchased a baseball bat.
[26.09|22:47] Kevonte_Mills purchased a cigarette.
[26.09|22:48] Javonte_Mays purchased a cigarette.
[26.09|22:58] Armani_Young purchased a portable radio.
[26.09|23:00] Tyrone_Williams purchased a 5 liter spraycan.
[26.09|23:00] Armani_Young purchased a stereo.
[26.09|23:01] Anthony_Knight purchased a cigarette.
[26.09|23:13] Jeff_McGraw purchased a cigarette.
[26.09|23:14] Jeff_McGraw purchased a cigarette.
[26.09|23:23] Thomas_Jack purchased a phone.
[26.09|23:23] Thomas_Jack purchased a SIM Card, number 703365.
[26.09|23:24] Thomas_Jack purchased a baseball bat.
[26.09|23:24] Thomas_Jack purchased a 5 liter spraycan.
[26.09|23:24] Thomas_Jack purchased a notebook.
[26.09|23:26] Khalil_Vorhees purchased a baseball bat.
[26.09|23:26] Tyrone_Harrison purchased a baseball bat.
[26.09|23:42] Larry_Harr purchased a bottle of beer.
[26.09|23:42] Larry_Harr purchased a bottle of beer.
[26.09|23:42] Larry_Harr purchased a bottle of beer.
[26.09|23:43] Rutherford_Gaviria purchased a bottle of beer.
[26.09|23:43] Berne_Steinkamp purchased a phone.
[26.09|23:43] Berne_Steinkamp purchased a SIM Card, number 273903.
[27.09|00:08] Yamori_Izakaya purchased a phone.
[27.09|00:08] Yamori_Izakaya purchased a SIM Card, number 635538.
[27.09|00:08] Yamori_Izakaya purchased a pack of cigarettes.
[27.09|00:10] Yamori_Izakaya purchased a Protein Shake.
[27.09|00:58] Kenneth_Willoughby purchased a Gym Membership.
[27.09|01:02] Yamori_Izakaya purchased bandages.
[27.09|01:04] Berne_Steinkamp purchased a Gym Membership.
[27.09|01:08] Quinn_Clarke purchased a Gym Membership.
[27.09|01:11] Quinn_Clarke purchased a Protein Shake.
[27.09|01:11] Tyrone_Harrison purchased a Gym Membership.
[27.09|01:35] Alexander_Wilson purchased a mask.
[27.09|01:35] Alexander_Wilson purchased a notebook.
[27.09|01:35] Alexander_Wilson purchased a phone.
[27.09|01:35] Alexander_Wilson purchased a SIM Card, number 960534.
[27.09|02:34] Alex_Spring purchased a toolbox.
[27.09|02:34] Alex_Spring purchased a phone.
[27.09|02:35] Alex_Spring purchased a SIM Card, number 877857.
[27.09|04:07] Rico_Woods purchased a cigarette.
[27.09|04:41] Jaquon_Mills purchased a phone.
[27.09|04:43] Jaquon_Mills purchased a SIM Card, number 113085.
[27.09|05:11] Blake_Girottio purchased a toolbox.
[27.09|05:58] Dean_Cracchiolo purchased a medical kit.
[27.09|06:36] Dean_Cracchiolo purchased a can of gasoline.
[27.09|06:36] Dean_Cracchiolo purchased a notebook.
[27.09|06:37] Vanessa_Star purchased a phone.
[27.09|06:37] Vanessa_Star purchased a SIM Card, number 540446.
[27.09|11:22] Alexander_Wilson purchased a Gym Membership.
[27.09|11:57] Quinn_Clarke purchased a 5 liter spraycan.
[27.09|12:03] Quinn_Clarke purchased a 5 liter spraycan.
[27.09|12:03] Quinn_Clarke purchased a 5 liter spraycan.
[27.09|12:03] Quinn_Clarke purchased a 5 liter spraycan.
[27.09|12:22] Anthony_Knight purchased a medical kit.
[27.09|12:55] Rico_Woods purchased a sprunk.
[27.09|13:48] Otis_Braxton purchased a phone.
[27.09|13:48] Otis_Braxton purchased a SIM Card, number 214613.
[27.09|13:48] Otis_Braxton purchased a mask.
[27.09|13:48] Otis_Braxton purchased a toolbox.
[27.09|13:48] Otis_Braxton purchased a medical kit.
[27.09|13:48] Otis_Braxton purchased bandages.
[27.09|13:48] Otis_Braxton purchased a can of gasoline.
[27.09|13:48] Otis_Braxton purchased a pack of cigarettes.
[27.09|13:48] Otis_Braxton purchased a screwdriver.
[27.09|14:54] Joshua_Trujillo purchased a bottle of beer.
[27.09|14:54] Joshua_Trujillo purchased a 5 liter spraycan.
[27.09|14:54] Joshua_Trujillo purchased a bottle of beer.
[27.09|15:08] Quinn_Clarke purchased a sprunk.
[27.09|15:41] Elizabeth_Barrett purchased a can of gasoline.
[27.09|15:59] Katherine_Ardleigh purchased a phone.
[27.09|15:59] Katherine_Ardleigh purchased a SIM Card, number 516054.
[27.09|16:31] Dennis_Blood purchased a can of gasoline.
[27.09|16:33] Dennis_Blood purchased a bottle of beer.
[27.09|16:33] Dennis_Blood purchased a bottle of beer.
[27.09|16:33] Dennis_Blood purchased a bottle of beer.
[27.09|16:33] Dennis_Blood purchased a bottle of beer.
[27.09|16:33] Dennis_Blood purchased a bottle of beer.
[27.09|16:34] Dennis_Blood purchased a bottle of beer.
[27.09|17:23] Daniel_Brody purchased a phone.
[27.09|17:23] Daniel_Brody purchased a SIM Card, number 794862.
[27.09|18:44] Elizabeth_Barrett purchased a camera.
[27.09|18:50] Dennis_Blood purchased a medical kit.
[27.09|19:08] Pakel_Kante purchased a phone.
[27.09|19:08] Pakel_Kante purchased a SIM Card, number 127197.
[27.09|19:11] Robert_Hollander purchased a phone.
[27.09|19:11] Robert_Hollander purchased a notebook.
[27.09|19:11] Robert_Hollander purchased a SIM Card, number 290934.
[27.09|19:34] Kyle_Migliotta purchased a phone.
[27.09|19:34] Kyle_Migliotta purchased a SIM Card, number 476379.
[27.09|19:41] Ash_Jackson purchased a phone.
[27.09|19:41] Ash_Jackson purchased a SIM Card, number 164598.
[27.09|19:54] Kyle_Migliotta purchased a phone.
[27.09|19:54] Kyle_Migliotta purchased a SIM Card, number 949995.
[27.09|20:06] Reginald_Blount purchased a phone.
[27.09|20:06] Reginald_Blount purchased a SIM Card, number 373517.
[27.09|20:10] Tyrone_Harrison purchased bandages.
[27.09|20:10] Tyrone_Harrison purchased a pack of cigarettes.
[27.09|20:21] Val_West purchased a can of gasoline.
[27.09|20:23] Yamori_Izakaya purchased a sprunk.
[27.09|20:23] Yamori_Izakaya purchased a sprunk.
[27.09|20:25] Yamori_Izakaya purchased a Protein Shake.
[27.09|20:26] Daniel_Brody purchased a sprunk.
[27.09|20:30] Rico_Woods purchased a phone.
[27.09|20:31] Rico_Woods purchased a SIM Card, number 183418.
[27.09|20:36] Hugh_Banks purchased a baseball bat.
[27.09|20:48] Yamori_Izakaya purchased a Protein Shake.
[27.09|20:57] Derrick_Jas purchased a phone.
[27.09|20:57] Derrick_Jas purchased a SIM Card, number 500356.
[27.09|21:36] Javonte_Mays purchased a cigarette.
[27.09|21:36] Javonte_Mays purchased a sprunk.
[27.09|21:36] Andrea_Sanchez purchased a phone.
[27.09|21:36] Andrea_Sanchez purchased a SIM Card, number 572241.
[27.09|21:36] Javonte_Mays purchased a cigarette.
[27.09|21:43] Richard_Lane purchased a phone.
[27.09|21:43] Richard_Lane purchased a SIM Card, number 752471.
[27.09|21:43] Richard_Lane purchased a medical kit.
[27.09|21:44] Richard_Lane purchased a portable radio.
[27.09|21:51] Javonte_Mays purchased a phone.
[27.09|21:51] Javonte_Mays purchased a SIM Card, number 753106.
[27.09|21:51] Javonte_Mays purchased a screwdriver.
[27.09|22:09] Tylan_Jackson purchased a Gym Membership.
[27.09|22:14] Richard_Lane purchased a camera.
[27.09|22:34] Tylan_Jackson purchased a phone.
[27.09|22:34] Tylan_Jackson purchased a SIM Card, number 809989.
[27.09|22:35] Lauren_Lindsay purchased a phone.
[27.09|22:36] Lauren_Lindsay purchased a SIM Card, number 556045.
[27.09|22:36] Lauren_Lindsay purchased a camera.
[27.09|22:36] Lauren_Lindsay purchased a portable radio.
[27.09|22:45] Reginald_Blount purchased a 5 liter spraycan.
[27.09|22:45] Reginald_Blount purchased a toolbox.
[27.09|22:45] Mirce_Blount purchased a phone.
[27.09|22:45] Mirce_Blount purchased a SIM Card, number 185361.
[27.09|22:54] Reginald_Blount purchased a screwdriver.
[27.09|22:55] Reginald_Blount purchased a bottle of beer.
[27.09|22:59] Mirce_Blount purchased a screwdriver.
[27.09|23:03] Larry_Harr purchased a bottle of beer.
[27.09|23:03] Larry_Harr purchased a bottle of beer.
[27.09|23:03] Larry_Harr purchased a bottle of beer.
[27.09|23:03] Larry_Harr purchased a bottle of beer.
[27.09|23:03] Larry_Harr purchased a bottle of beer.
[27.09|23:05] Santiago_Trujillo purchased a medical kit.
[27.09|23:37] Lyron_Renton purchased a phone.
[27.09|23:37] Lyron_Renton purchased a SIM Card, number 171306.
[27.09|23:37] Lyron_Renton purchased a pack of cigarettes.
[27.09|23:38] Lyron_Renton purchased a stereo.
[27.09|23:41] Robert_Petrocelli purchased a cigarette.
[27.09|23:47] Robert_Petrocelli purchased a medical kit.
[28.09|00:01] Tyrone_Harrison purchased a can of gasoline.
[28.09|00:19] Yamori_Izakaya purchased a Protein Shake.
[28.09|00:42] Billy_Titus purchased a portable radio.
[28.09|01:41] Khalil_Vorhees purchased a phone.
[28.09|01:41] Khalil_Vorhees purchased a SIM Card, number 967858.
[28.09|01:59] Khalil_Vorhees purchased a Gym Membership.
[28.09|04:49] Santiago_Trujillo purchased a medical kit.
[28.09|05:39] Thyrone_Willson purchased a screwdriver.
[28.09|05:40] Thyrone_Willson purchased a phone.
[28.09|05:40] Thyrone_Willson purchased a SIM Card, number 754463.
[28.09|05:40] Thyrone_Willson purchased a baseball bat.
[28.09|05:40] Thyrone_Willson purchased a 5 liter spraycan.
[28.09|05:40] Thyrone_Willson purchased a pack of cigarettes.
[28.09|05:40] Thyrone_Willson purchased a notebook.
[28.09|08:49] Berne_Steinkamp purchased a Protein Shake.
[28.09|10:48] Thyrone_Willson purchased a can of gasoline.
[28.09|10:55] Lamar_Towns purchased a Protein Shake.
[28.09|10:55] Lamar_Towns purchased a Gym Membership.
[28.09|11:47] Anthony_Knight purchased a Gym Membership.
[28.09|15:08] Zacheus_Marcelo purchased a mask.
[28.09|15:15] Quinn_Clarke purchased a stereo.
[28.09|16:32] Andrew_Liam purchased a phone.
[28.09|16:32] Andrew_Liam purchased a SIM Card, number 601126.
[28.09|16:32] Andrew_Liam purchased a baseball bat.
[28.09|17:11] Val_West purchased a can of gasoline.
[28.09|18:18] Quinn_Clarke purchased a portable radio.
[28.09|18:36] Dion_Wiggins purchased a medical kit.
[28.09|18:36] Dion_Wiggins purchased bandages.
[28.09|18:36] Dion_Wiggins purchased a notebook.
[28.09|18:37] Dion_Wiggins purchased a pack of cigarettes.
[28.09|18:37] Dion_Wiggins purchased a screwdriver.
[28.09|18:38] Dion_Wiggins purchased a portable radio.
[28.09|18:38] Dion_Wiggins purchased a baseball bat.
[28.09|18:38] Dennis_Blood purchased a pack of cigarettes.
[28.09|19:37] Malik_Montana purchased a mask.
[28.09|19:40] Quinn_Clarke purchased a mask.
[28.09|19:55] Hector_Martinez purchased a screwdriver.
[28.09|19:56] Hector_Martinez purchased a phone.
[28.09|19:56] Hector_Martinez purchased a SIM Card, number 869310.
[28.09|20:16] Hector_Martinez purchased a medical kit.
[28.09|20:18] Antonio_Moretti purchased a cigarette.
[28.09|20:18] Antonio_Moretti purchased a cigarette.
[28.09|20:18] Antonio_Moretti purchased a cigarette.
[28.09|20:18] Quinn_Clarke purchased a cigarette.
[28.09|20:25] Hector_Martinez purchased a baseball bat.
[28.09|20:32] Rico_Woods purchased a pack of cigarettes.
[28.09|20:33] Quinn_Clarke purchased a sprunk.
[28.09|20:34] Quinn_Clarke purchased a pack of cigarettes.
[28.09|20:34] Quinn_Clarke purchased a medical kit.
[28.09|20:45] Hector_Martinez purchased bandages.
[28.09|20:45] Hector_Martinez purchased a medical kit.
[28.09|20:49] Jazmine_Wick purchased a phone.
[28.09|20:49] Jazmine_Wick purchased a SIM Card, number 282542.
[28.09|21:09] Pakel_Kante purchased a Protein Shake.
[28.09|21:09] Pakel_Kante purchased a Protein Shake.
[28.09|21:10] Pakel_Kante purchased a Protein Shake.
[28.09|21:31] Hector_Martinez purchased a medical kit.
[28.09|23:26] Marcus_Lynch purchased a Protein Shake.
[28.09|23:26] Marcus_Lynch purchased a Protein Shake.
[28.09|23:26] Marcus_Lynch purchased a Protein Shake.
[28.09|23:26] Marcus_Lynch purchased a Protein Shake.
[28.09|23:35] Marcus_Lynch purchased a baseball bat.
[29.09|00:11] Mirce_Blount purchased a toolbox.
[29.09|00:16] Reginald_Blount purchased a portable radio.
[29.09|00:46] Khalil_Vorhees purchased a mask.
[29.09|00:46] Khalil_Vorhees purchased a screwdriver.
[29.09|01:17] Jerome_Jenkins purchased a phone.
[29.09|01:17] Jerome_Jenkins purchased a SIM Card, number 149228.
[29.09|01:26] Jerome_Jenkins purchased a screwdriver.
[29.09|02:54] Alvaro_Cruz purchased a desert eagle, serial: 20836.
[29.09|02:54] Alvaro_Cruz purchased 9x19mm.
[29.09|02:55] Alvaro_Cruz purchased .50cal.
[29.09|02:55] Alvaro_Cruz purchased a shotgun, serial: 36524.
[29.09|02:55] Alvaro_Cruz purchased 12 Gauge.
[29.09|03:39] Zacheus_Marcelo purchased a screwdriver.
[29.09|03:40] Zacheus_Marcelo purchased a baseball bat.
[29.09|03:53] Carlos_Quintanilla purchased a phone.
[29.09|03:53] Carlos_Quintanilla purchased a SIM Card, number 787787.
[29.09|04:08] Anthony_Knight purchased a Protein Shake.
[29.09|04:08] Anthony_Knight purchased a Protein Shake.
[29.09|04:31] Tyrone_Harrison purchased a pack of cigarettes.
[29.09|07:13] Trevor_Jackson purchased .50cal.
[29.09|07:13] Trevor_Jackson purchased a desert eagle, serial: 46249.
[29.09|07:13] Trevor_Jackson purchased .50cal.
[29.09|07:27] Anthony_Knight purchased a 5 liter spraycan.
[29.09|07:57] Anthony_Knight purchased a toolbox.
[29.09|10:37] Kendrick_Cole purchased a phone.
[29.09|10:38] Kendrick_Cole purchased a SIM Card, number 102343.
[29.09|10:38] Kendrick_Cole purchased a baseball bat.
[29.09|13:33] Zachary_Hunterson purchased a Protein Shake.
[29.09|13:33] Zachary_Hunterson purchased a Gym Membership.
[29.09|14:11] Dennis_Blood purchased a portable radio.
[29.09|15:12] Quinn_Clarke purchased a screwdriver.
[29.09|17:49] Reggie_Graham purchased a mask.
[29.09|18:07] Quinn_Clarke purchased a baseball bat.
[29.09|18:15] Blake_Girottio purchased a baseball bat.
[29.09|18:25] John_Haye purchased a can of gasoline.
[29.09|18:54] Alberto_Abruzzi purchased a 5 liter spraycan.
[29.09|18:55] Antonio_Moretti purchased a pack of cigarettes.
[29.09|19:34] Tyrone_Harrison purchased a screwdriver.
[29.09|19:45] Dennis_Blood purchased a can of gasoline.
[29.09|20:11] Kevon_Simms purchased a screwdriver.
[29.09|20:11] Kevon_Simms purchased a screwdriver.
[29.09|20:11] Kevon_Simms purchased a screwdriver.
[29.09|20:12] Kevon_Simms purchased a screwdriver.
[29.09|20:12] Kevon_Simms purchased a screwdriver.
[29.09|22:05] Marcus_Lynch purchased a pack of cigarettes.
[29.09|22:05] Marcus_Lynch purchased a screwdriver.
[29.09|22:37] Troy_Nashville purchased a phone.
[29.09|22:37] Troy_Nashville purchased a SIM Card, number 607151.
[29.09|23:21] Carlos_Quintanilla purchased a toolbox.
[29.09|23:24] Carlos_Quintanilla purchased a screwdriver.
[29.09|23:43] Jim_Bernardo purchased a pack of cigarettes.
[29.09|23:43] Jim_Bernardo purchased a phone.
[29.09|23:43] Jim_Bernardo purchased a SIM Card, number 383118.
[29.09|23:43] Jim_Bernardo purchased a notebook.
[30.09|00:15] Trevor_Jackson purchased .50cal.
[30.09|00:20] Carlos_Quintanilla purchased a medical kit.
[30.09|01:37] William_Sabato purchased a phone.
[30.09|01:37] William_Sabato purchased a SIM Card, number 261245.
[30.09|09:47] Trevor_Jackson purchased a pack of cigarettes.
[30.09|10:03] Trevor_Jackson purchased a desert eagle, serial: 19211.
[30.09|10:05] Samantha_Grimes purchased a phone.
[30.09|10:05] Samantha_Grimes purchased a SIM Card, number 712354.
[30.09|10:06] Dennis_Blood purchased a portable radio.
[30.09|10:06] Trevor_Jackson purchased a portable radio.
[30.09|10:33] Dennis_Blood purchased a mask.
[30.09|10:42] Josh_McLeod purchased a phone.
[30.09|10:42] Josh_McLeod purchased a SIM Card, number 390110.
[30.09|11:27] Robert_Watson purchased a phone.
[30.09|11:27] Robert_Watson purchased a SIM Card, number 770433.
[30.09|11:51] John_Haye purchased a portable radio.
[30.09|12:01] Trevor_Jackson purchased a phone.
[30.09|12:01] Trevor_Jackson purchased a SIM Card, number 745665.
[30.09|12:21] Trevor_Jackson purchased a mask.
[30.09|12:35] Dennis_Blood purchased a 5 liter spraycan.
[30.09|13:13] Dennis_Blood purchased a 5 liter spraycan.
[30.09|13:28] Shane_Bernthal purchased a phone.
[30.09|13:28] Shane_Bernthal purchased a SIM Card, number 600914.
[30.09|14:05] Sean_Baker purchased bandages.
[30.09|14:05] Sean_Baker purchased a medical kit.
[30.09|14:24] Jason_Cock purchased a cigarette.
[30.09|14:40] Dolce_Jock purchased a phone.
[30.09|14:40] Dolce_Jock purchased a SIM Card, number 750182.
[30.09|15:04] Quinn_Clarke purchased a can of gasoline.
[30.09|15:20] Dennis_Blood purchased a can of gasoline.
[30.09|15:26] William_Sabato purchased a pack of cigarettes.
[30.09|15:31] Dennis_Blood purchased a baseball bat.
[30.09|15:32] Zacheus_Marcelo purchased a baseball bat.
[30.09|16:18] Jaquon_Mills purchased a cigarette.
[30.09|16:33] Dennis_Blood purchased a toolbox.
[30.09|16:34] Dennis_Blood purchased a toolbox.
[30.09|16:52] Marcus_Lynch purchased a baseball bat.
[30.09|16:54] Kayden_Calhoun purchased a phone.
[30.09|16:54] Kayden_Calhoun purchased a SIM Card, number 966758.
[30.09|17:11] Reginald_Blount purchased a notebook.
[30.09|17:18] Boris_Kovalevsky purchased a phone.
[30.09|17:18] Boris_Kovalevsky purchased a SIM Card, number 297299.
[30.09|17:37] Dennis_Blood purchased a can of gasoline.
[30.09|17:38] Dennis_Blood purchased a can of gasoline.
[30.09|17:38] Dennis_Blood purchased a pack of cigarettes.
[30.09|18:07] Blake_Girottio purchased a medical kit.
[30.09|18:28] Tylan_Jackson purchased bandages.
[30.09|18:45] Clara_Raymond purchased a phone.
[30.09|18:45] Clara_Raymond purchased a SIM Card, number 784838.
[30.09|18:59] Travis_Turner purchased a phone.
[30.09|18:59] Travis_Turner purchased a SIM Card, number 488239.
[30.09|19:04] Clara_Raymond purchased a phone.
[30.09|19:04] Clara_Raymond purchased a SIM Card, number 989164.
[30.09|19:52] Tylan_Jackson purchased a toolbox.
[30.09|20:10] Malik_Montana purchased a Protein Shake.
[30.09|21:04] Josh_McLeod purchased a pack of cigarettes.
[30.09|21:04] Jackson_Belucci purchased a cigarette.
[30.09|21:08] Jay_Jackson purchased a mask.
[30.09|21:23] John_Haye purchased a desert eagle, serial: 20405.
[30.09|21:26] John_Haye purchased .50cal.
[30.09|21:28] John_Haye purchased a desert eagle, serial: 50174.
[30.09|21:28] John_Haye purchased .50cal.
[01.10|06:05] Tyrece_Price purchased a phone.
[01.10|06:05] Tyrece_Price purchased a SIM Card, number 666388.
[01.10|08:02] Malik_Montana purchased a 5 liter spraycan.
[01.10|08:04] Malik_Montana purchased a stereo.
[01.10|08:15] Malik_Montana purchased a screwdriver.
[01.10|15:12] Kareem_Brooks purchased a phone.
[01.10|15:12] Kareem_Brooks purchased a SIM Card, number 126751.
[01.10|15:57] Alberto_Abruzzi purchased a phone.
[01.10|15:57] Alberto_Abruzzi purchased a SIM Card, number 433409.
[01.10|16:44] Zachary_Hunterson purchased a phone.
[01.10|16:44] Zachary_Hunterson purchased a SIM Card, number 790931.
[01.10|17:03] Shane_Bernthal purchased a pack of cigarettes.
[01.10|17:36] Benjamin_Tomaselli purchased a pack of cigarettes.
[01.10|18:22] Malik_Montana purchased a bottle of beer.
[01.10|18:24] Jasper_Kowalski purchased a phone.
[01.10|18:24] Jasper_Kowalski purchased a SIM Card, number 903529.
[01.10|18:46] Marcus_Hicks purchased a portable radio.
[01.10|18:46] Marcus_Hicks purchased a phone.
[01.10|18:46] Marcus_Hicks purchased a SIM Card, number 154473.
[01.10|18:46] Marcus_Hicks purchased a toolbox.
[01.10|18:46] Dennis_Blood purchased a portable radio.
[01.10|18:47] Jasper_Kowalski purchased a portable radio.
[01.10|18:49] Larry_Harr purchased a Protein Shake.
[01.10|18:50] Zachary_Hunterson purchased a 5 liter spraycan.
[01.10|19:05] Vincent_Massaro purchased a phone.
[01.10|19:05] Vincent_Massaro purchased a SIM Card, number 166718.
[01.10|19:32] Tyrone_Harrison purchased a medical kit.
[01.10|19:46] Jasper_Kowalski purchased a 5 liter spraycan.
[01.10|19:57] Paris_Carrera purchased a phone.
[01.10|19:57] Paris_Carrera purchased a SIM Card, number 284008.
[01.10|20:07] Paris_Carrera purchased a pack of cigarettes.
[01.10|20:26] Lauren_Lindsay purchased a stereo.
[01.10|20:26] Lauren_Lindsay purchased a camera.
[01.10|20:31] Tyrone_Harrison purchased a pack of cigarettes.
[01.10|20:46] Seth_Flynn purchased a notebook.
[01.10|20:46] Seth_Flynn purchased a camera.
[01.10|20:50] Jeffrey_Alexander purchased a phone.
[01.10|20:50] Jeffrey_Alexander purchased a SIM Card, number 229414.
[01.10|21:27] Seth_Flynn purchased a portable radio.
[01.10|21:27] Seth_Flynn purchased a bottle of wine.
[01.10|22:37] Dennis_Blood purchased a screwdriver.
[02.10|01:39] Dwight_Briggs purchased a 5 liter spraycan.
[02.10|01:39] Dwight_Briggs purchased a baseball bat.
[02.10|01:39] Dwight_Briggs purchased a phone.
[02.10|01:39] Dwight_Briggs purchased a SIM Card, number 550253.
[02.10|07:50] Zacheus_Marcelo purchased a baseball bat.
[02.10|15:11] Malcolm_Salazar purchased a phone.
[02.10|15:11] Malcolm_Salazar purchased a SIM Card, number 730939.
[02.10|15:11] Malcolm_Salazar purchased a pack of cigarettes.
[02.10|15:11] Malcolm_Salazar purchased a medical kit.
[02.10|15:52] Malcolm_Salazar purchased a baseball bat.
[02.10|17:39] Malik_Montana purchased a Protein Shake.
[02.10|18:16] Javier_Rodriguez purchased a phone.
[02.10|18:16] Javier_Rodriguez purchased a SIM Card, number 573458.
[02.10|19:29] Alvaro_Cruz purchased a medical kit.
[02.10|19:29] Keshawn_Lamar purchased a medical kit.
[02.10|21:12] Dennis_Blood purchased a 5 liter spraycan.
[02.10|21:24] Katherine_Ardleigh purchased a mask.
[02.10|22:01] Aboud_Green purchased a phone.
[02.10|22:01] Aboud_Green purchased a SIM Card, number 422343.
[03.10|00:14] Khalil_Hilton purchased a medical kit.
[03.10|00:14] Khalil_Hilton purchased a phone.
[03.10|00:15] Khalil_Hilton purchased a SIM Card, number 786532.
[03.10|01:04] Tyrece_Price purchased a portable radio.
[03.10|15:06] Malik_Montana purchased a baseball bat.
[03.10|17:56] Berne_Steinkamp purchased a 5 liter spraycan.
[03.10|19:05] Antonio_Moretti purchased a stereo.
[03.10|21:46] Paris_Carrera purchased a stereo.
[04.10|10:45] Phillip_Paparello purchased a medical kit.
[04.10|10:45] Charles_Spagnelli purchased a medical kit.
[04.10|13:54] Jacob_Johnson purchased a phone.
[04.10|13:54] Jacob_Johnson purchased a SIM Card, number 820636.
[04.10|13:54] Jacob_Johnson purchased a pack of cigarettes.
[04.10|15:01] Jackson_Belucci purchased a screwdriver.
[04.10|16:12] Mario_Funicello purchased a pack of cigarettes.
[04.10|16:12] Mario_Funicello purchased a 5 liter spraycan.
[04.10|16:12] Mario_Funicello purchased a screwdriver.
[04.10|16:13] Mario_Funicello purchased bandages.
[04.10|16:15] Reggie_Graham purchased a toolbox.
[04.10|17:24] Thomas_Corleone purchased a phone.
[04.10|17:24] Thomas_Corleone purchased a SIM Card, number 818642.
[04.10|18:04] Malik_Montana purchased a Protein Shake.
[04.10|18:24] Shawn_Belucci purchased a phone.
[04.10|18:24] Shawn_Belucci purchased a SIM Card, number 372526.
[04.10|18:37] Mario_Funicello purchased a notebook.
[04.10|18:56] Tyrone_Harrison purchased a stereo.
[04.10|19:09] Diego_Camulos purchased a phone.
[04.10|19:09] Diego_Camulos purchased a SIM Card, number 644129.
[04.10|19:09] Diego_Camulos purchased a pack of cigarettes.
[04.10|19:09] Diego_Camulos purchased a baseball bat.
[04.10|19:13] Zacheus_Marcelo purchased a pack of cigarettes.
[05.10|14:36] Rafael_Black purchased a phone.
[05.10|14:36] Rafael_Black purchased a SIM Card, number 497300.
[05.10|14:36] Rafael_Black purchased a baseball bat.
[05.10|14:52] Blake_Girottio purchased a medical kit.
[05.10|15:38] Blake_Girottio purchased a Gym Membership.
[06.10|04:55] Armani_Young purchased a Gym Membership.
[06.10|17:38] Alberto_Abruzzi purchased a cigarette.
[06.10|19:02] Tommy_Pacienza purchased a phone.
[06.10|19:02] Tommy_Pacienza purchased a SIM Card, number 249201.
[06.10|19:03] Tommy_Pacienza purchased a phone.
[06.10|19:03] Tommy_Pacienza purchased a SIM Card, number 696210.
[06.10|19:14] John_Haye purchased a phone.
[06.10|19:14] John_Haye purchased a SIM Card, number 765109.
[06.10|20:50] Dave_Vilella purchased a phone.
[06.10|20:50] Dave_Vilella purchased a SIM Card, number 310528.
[06.10|21:05] Jamarc_Joseph purchased a 5 liter spraycan.
[06.10|21:05] Jamarc_Joseph purchased a baseball bat.
[06.10|21:17] David_Brood purchased a phone.
[06.10|21:17] David_Brood purchased a SIM Card, number 673944.
[06.10|21:24] Daniel_David purchased a phone.
[06.10|21:24] Daniel_David purchased a SIM Card, number 989865.
[06.10|21:29] Rick_Sanchess purchased a phone.
[06.10|21:29] Rick_Sanchess purchased a SIM Card, number 698826.
[06.10|21:32] Matic_Banks purchased a phone.
[06.10|21:33] Matic_Banks purchased a SIM Card, number 343779.
[06.10|21:33] Matic_Banks purchased a pack of cigarettes.
[07.10|01:10] Holly_Marshall purchased a phone.
[07.10|01:10] Holly_Marshall purchased a SIM Card, number 923152.
[07.10|01:10] Holly_Marshall purchased a camera.
[07.10|01:11] Holly_Marshall purchased a pack of cigarettes.
[07.10|06:12] Blake_Girottio purchased a 5 liter spraycan.
[07.10|13:46] Mario_Funicello purchased a stereo.
[07.10|13:49] Charles_Sines purchased a cigarette.
[07.10|13:49] Charles_Sines purchased a cigarette.
[07.10|14:00] Tyrone_Harrison purchased a toolbox.
[07.10|14:09] Diana_Hayes purchased a phone.
[07.10|14:09] Diana_Hayes purchased a SIM Card, number 767787.
[07.10|14:12] Charles_Sines purchased a cigarette.
[07.10|14:18] Charles_Sines purchased a cigarette.
[07.10|14:47] James_Burton purchased a phone.
[07.10|14:47] James_Burton purchased a SIM Card, number 111101.
[07.10|15:21] Mark_Price purchased a phone.
[07.10|15:21] Mark_Price purchased a SIM Card, number 968704.
[07.10|15:26] Blake_Girottio purchased a camera.
[07.10|15:43] Toshio_Maruka purchased a phone.
[07.10|15:43] Toshio_Maruka purchased a SIM Card, number 614888.
[07.10|15:55] Tony_Garcia purchased a phone.
[07.10|15:55] Tony_Garcia purchased a SIM Card, number 244196.
[07.10|16:20] Blake_Mendoza purchased a phone.
[07.10|16:20] Blake_Mendoza purchased a SIM Card, number 852028.
[07.10|18:35] Raul_Polanco purchased a cigarette.
[07.10|18:42] Pedro_Martinez purchased a phone.
[07.10|18:42] Pedro_Martinez purchased a SIM Card, number 148702.
[07.10|18:43] Raul_Polanco purchased a phone.
[07.10|18:43] Raul_Polanco purchased a SIM Card, number 581704.
[07.10|18:43] Raul_Polanco purchased a screwdriver.
[07.10|18:44] Anthony_Carranza purchased a phone.
[07.10|18:44] Pablo_Lopez purchased a phone.
[07.10|18:44] Pablo_Lopez purchased a SIM Card, number 382779.
[07.10|18:44] Anthony_Carranza purchased a SIM Card, number 264619.
[07.10|18:45] Pablo_Lopez purchased a bottle of beer.
[07.10|18:49] Anthony_Carranza purchased a bottle of beer.
[07.10|18:49] Jamarc_Joseph purchased a phone.
[07.10|18:49] Jamarc_Joseph purchased a SIM Card, number 223413.
[07.10|18:49] Charles_Sines purchased a cigarette.
[07.10|18:51] John_Haye purchased a sprunk.
[07.10|19:03] Keron_Richardson purchased a notebook.
[07.10|19:03] Keron_Richardson purchased a phone.
[07.10|19:03] Keron_Richardson purchased a SIM Card, number 521129.
[07.10|19:11] Armani_Young purchased a phone.
[07.10|19:11] Armani_Young purchased a SIM Card, number 801926.
[07.10|19:12] Tyrece_Price purchased a 5 liter spraycan.
[07.10|19:20] Alberto_Abruzzi purchased a stereo.
[07.10|19:26] Raul_Polanco purchased bandages.
[07.10|19:32] John_Lindsay purchased a cigarette.
[07.10|19:32] John_Lindsay purchased a sprunk.
[07.10|19:37] Jamarc_Joseph purchased a portable radio.
[07.10|19:45] Anthony_Carranza purchased a pack of cigarettes.
[07.10|19:51] Jasper_Kowalski purchased a sprunk.
[07.10|19:54] Keron_Richardson purchased a baseball bat.
[07.10|20:11] Raul_Polanco purchased a screwdriver.
[07.10|20:18] Anthony_Carranza purchased a medical kit.
[07.10|20:33] Jamarc_Joseph purchased a medical kit.
[07.10|20:34] Cameron_Savage purchased a phone.
[07.10|20:35] Cameron_Savage purchased a SIM Card, number 630497.
[07.10|22:37] Skylar_Payne purchased a phone.
[07.10|22:37] Skylar_Payne purchased a SIM Card, number 804619.
[07.10|22:52] Tyrece_Price purchased a pack of cigarettes.
[07.10|22:52] Tyrece_Price purchased a bottle of wine.
[07.10|22:52] Tyrece_Price purchased a bottle of beer.
[07.10|22:53] Tyrece_Price purchased a 5 liter spraycan.
[07.10|23:37] Pedro_Martinez purchased a 5 liter spraycan.
[07.10|23:40] Pedro_Martinez purchased a toolbox.
[08.10|00:45] Tyrece_Price purchased a medical kit.
[08.10|01:34] Mitchell_Payne purchased a Protein Shake.
[08.10|04:48] Santiago_Lopez purchased a phone.
[08.10|04:48] Santiago_Lopez purchased a SIM Card, number 722837.
[08.10|04:48] Santiago_Lopez purchased a pack of cigarettes.
[08.10|04:48] Santiago_Lopez purchased a screwdriver.
[08.10|04:48] Santiago_Lopez purchased a baseball bat.
[08.10|05:27] Tyrece_Price purchased a 5 liter spraycan.
[08.10|06:13] Tyrone_Harrison purchased a medical kit.
[08.10|06:13] Tyrece_Price purchased a medical kit.
[08.10|06:34] Tyrece_Price purchased a 5 liter spraycan.
[08.10|13:59] Dennis_Blood purchased a 5 liter spraycan.
[08.10|14:18] Charles_Sines purchased a pack of cigarettes.
[08.10|14:18] Charles_Sines purchased a camera.
[08.10|14:18] Charles_Sines purchased a can of gasoline.
[08.10|14:18] Charles_Sines purchased a toolbox.
[08.10|14:22] Keshawn_Reynolds purchased a phone.
[08.10|14:22] Keshawn_Reynolds purchased a SIM Card, number 479639.
[08.10|14:22] Keshawn_Reynolds purchased a 5 liter spraycan.
[08.10|14:22] Keshawn_Reynolds purchased a 5 liter spraycan.
[08.10|14:22] Keshawn_Reynolds purchased a baseball bat.
[08.10|14:22] Keshawn_Reynolds purchased a screwdriver.
[08.10|14:22] Keshawn_Reynolds purchased a pack of cigarettes.
[08.10|14:26] Frank_Locatelli purchased a phone.
[08.10|14:26] Frank_Locatelli purchased a SIM Card, number 952594.
[08.10|14:26] Frank_Locatelli purchased a pack of cigarettes.
[08.10|14:26] Frank_Locatelli purchased a notebook.
[08.10|14:53] Toshio_Maruka purchased a 5 liter spraycan.
[08.10|14:53] Toshio_Maruka purchased a toolbox.
[08.10|14:55] Brendon_Neidell purchased a phone.
[08.10|14:55] Brendon_Neidell purchased a SIM Card, number 957354.
[08.10|15:28] Keshawn_Reynolds purchased a portable radio.
[08.10|15:43] Mario_Fischetti purchased a cigarette.
[08.10|15:43] Mario_Fischetti purchased a cigarette.
[08.10|15:48] David_Lorino purchased a phone.
[08.10|15:48] David_Lorino purchased a SIM Card, number 294698.
[08.10|16:03] Abenhej_Sabiren purchased a phone.
[08.10|16:03] Abenhej_Sabiren purchased a SIM Card, number 906907.
[08.10|17:15] Mario_Fischetti purchased a sprunk.
[08.10|17:28] Charles_Spagnelli purchased a cigarette.
[08.10|17:45] Kurt_Cody purchased a sprunk.
[08.10|17:45] Kurt_Cody purchased a cigarette.
[08.10|18:10] Raul_Polanco purchased a 5 liter spraycan.
[08.10|18:11] Raul_Polanco purchased a medical kit.
[08.10|18:12] Tyrece_Price purchased a medical kit.
[08.10|18:15] Charles_Sines purchased a cigarette.
[08.10|18:22] Tyrece_Price purchased a medical kit.
[08.10|18:22] Mark_Price purchased a baseball bat.
[08.10|18:22] Mark_Price purchased a pack of cigarettes.
[08.10|18:22] Mark_Price purchased a pack of cigarettes.
[08.10|18:22] Mark_Price purchased a bottle of wine.
[08.10|18:24] Tyrece_Price purchased a mask.
[08.10|18:34] Guy_Xing purchased a medical kit.
[08.10|19:03] Xavier_Vasquez purchased a phone.
[08.10|19:03] Xavier_Vasquez purchased a SIM Card, number 212419.
[08.10|19:08] Kurt_Cody purchased a pack of cigarettes.
[08.10|19:34] Noah_Reynoso purchased a 5 liter spraycan.
[08.10|19:34] Noah_Reynoso purchased a pack of cigarettes.
[08.10|19:37] Anthony_Carranza purchased a 5 liter spraycan.
[08.10|19:48] Victoria_Vause purchased a phone.
[08.10|19:48] Victoria_Vause purchased a SIM Card, number 418717.
[08.10|19:48] Victoria_Vause purchased a camera.
[08.10|20:41] Pedro_Martinez purchased a camera.
[08.10|21:03] Sadam_White purchased a cigarette.
[08.10|21:03] Shawn_Belucci purchased a cigarette.
[08.10|21:04] Shawn_Belucci purchased a pack of cigarettes.
[08.10|21:04] Jackson_Belucci purchased a pack of cigarettes.
[08.10|21:07] Sadam_White purchased a phone.
[08.10|21:07] Sadam_White purchased a SIM Card, number 103506.
[08.10|21:08] Avery_Johnson purchased a mask.
[08.10|21:44] Tarik_Afolayan purchased a phone.
[08.10|21:44] Tarik_Afolayan purchased a SIM Card, number 997150.
[08.10|22:28] Mark_Price purchased a Gym Membership.
[08.10|22:40] Julius_Stacks purchased a can of gasoline.
[08.10|22:48] Tyrece_Price purchased a stereo.
[08.10|23:14] Conaniah_Wiggins purchased a phone.
[08.10|23:15] Conaniah_Wiggins purchased a SIM Card, number 142827.
[08.10|23:15] Conaniah_Wiggins purchased a toolbox.
[08.10|23:18] Conaniah_Wiggins purchased a 5 liter spraycan.
[08.10|23:33] Mark_Price purchased a medical kit.
[08.10|23:33] Mark_Price purchased a stereo.
[09.10|00:00] Jackson_Belucci purchased a mask.
[09.10|00:00] Shawn_Belucci purchased a mask.
[09.10|02:05] Anthony_Moore purchased a 5 liter spraycan.
[09.10|04:09] Tyrece_Price purchased a 5 liter spraycan.
[09.10|04:32] Tyrece_Price purchased a screwdriver.
[09.10|04:50] Pablo_Lopez purchased a bottle of beer.
[09.10|05:59] Mario_Fischetti purchased a stereo.
[09.10|05:59] Mario_Fischetti purchased a pack of cigarettes.
[09.10|05:59] Mario_Fischetti purchased a pack of cigarettes.
[09.10|05:59] Mario_Fischetti purchased a pack of cigarettes.
[09.10|05:59] Mario_Fischetti purchased a 5 liter spraycan.
[09.10|09:10] Tyrece_Price purchased a 5 liter spraycan.
[09.10|10:52] Tony_Mercado purchased a 5 liter spraycan.
[09.10|10:53] Tony_Mercado purchased a medical kit.
[09.10|11:30] David_Lorino purchased a can of gasoline.
[09.10|13:01] Alejandro_Alvarez purchased a phone.
[09.10|13:02] Alejandro_Alvarez purchased a SIM Card, number 366355.
[09.10|14:32] Alejandro_Alvarez purchased a screwdriver.
[09.10|15:52] Charles_Spagnelli purchased a cigarette.
[09.10|15:53] David_Lorino purchased a cigarette.
[09.10|18:08] David_Lorino purchased bandages.
[09.10|18:08] David_Lorino purchased a medical kit.
[09.10|18:36] Tito_Berlogi purchased a phone.
[09.10|18:36] Tito_Berlogi purchased a SIM Card, number 565086.
[09.10|18:37] Tito_Berlogi purchased a pack of cigarettes.
[09.10|18:38] Tito_Berlogi purchased a notebook.
[09.10|19:09] Leon_Valera purchased a notebook.
[09.10|19:10] Leon_Valera purchased a phone.
[09.10|19:10] Leon_Valera purchased a SIM Card, number 306401.
[09.10|19:27] Xavier_Vasquez purchased a cigarette.
[09.10|21:05] Luis_Mendez purchased a phone.
[09.10|21:05] Luis_Mendez purchased a SIM Card, number 749282.
[09.10|21:12] Johnny_Grey purchased a pack of cigarettes.
[09.10|21:12] Johnny_Grey purchased a baseball bat.
[09.10|21:12] Johnny_Grey purchased a phone.
[09.10|21:12] Johnny_Grey purchased a SIM Card, number 489139.
[09.10|21:14] Calvin_Roux purchased a phone.
[09.10|21:14] Calvin_Roux purchased a SIM Card, number 661494.
[09.10|21:55] Joseph_Napolitano purchased a phone.
[09.10|21:55] Joseph_Napolitano purchased a SIM Card, number 694366.
[09.10|22:07] Joseph_Napolitano purchased a phone.
[09.10|22:07] Joseph_Napolitano purchased a SIM Card, number 495494.
[09.10|22:35] Josh_Carson purchased a phone.
[09.10|22:35] Josh_Carson purchased a SIM Card, number 808878.
[09.10|22:52] Joseph_Wardog purchased a phone.
[09.10|22:52] Joseph_Wardog purchased a SIM Card, number 559469.
[09.10|23:10] Anthony_Carranza purchased a stereo.
[09.10|23:28] Barry_Colt purchased a baseball bat.
[09.10|23:28] Paul_Connolly purchased a baseball bat.
[09.10|23:35] Roland_Bifone purchased a phone.
[09.10|23:35] Roland_Bifone purchased a SIM Card, number 513697.
[09.10|23:35] Roland_Bifone purchased a pack of cigarettes.
[09.10|23:54] Ryan_Atwod purchased a phone.
[09.10|23:54] Ryan_Atwod purchased a SIM Card, number 947971.
[10.10|00:01] Raul_Polanco purchased a can of gasoline.
[10.10|00:39] Vincent_Massaro purchased a bottle of wine.
[10.10|00:39] Vincent_Massaro purchased a bottle of beer.
[10.10|00:39] Vincent_Massaro purchased a bottle of wine.
[10.10|00:39] Vincent_Massaro purchased a bottle of beer.
[10.10|00:39] Vincent_Massaro purchased a bottle of beer.
[10.10|00:39] Vincent_Massaro purchased a bottle of beer.
[10.10|00:39] Vincent_Massaro purchased a pack of cigarettes.
[10.10|00:39] Vincent_Massaro purchased a notebook.
[10.10|00:39] Vincent_Massaro purchased bandages.
[10.10|01:06] Raul_Polanco purchased a medical kit.
[10.10|01:34] Pablo_Lopez purchased a 5 liter spraycan.
[10.10|01:34] Pablo_Lopez purchased a bottle of beer.
[10.10|09:29] Paul_Connolly purchased a phone.
[10.10|09:29] Paul_Connolly purchased a SIM Card, number 802418.
[10.10|12:54] Nick_Keene purchased a baseball bat.
[10.10|12:54] Nick_Keene purchased a toolbox.
[10.10|14:15] Keshawn_Reynolds purchased bandages.
[10.10|14:15] Keshawn_Reynolds purchased a medical kit.
[10.10|15:44] Raul_Polanco purchased bandages.
[10.10|15:44] Anthony_Carranza purchased bandages.
[10.10|15:44] Raul_Polanco purchased a medical kit.
[10.10|15:45] Anthony_Carranza purchased a medical kit.
[10.10|16:41] Johnny_Grey purchased a pack of cigarettes.
[10.10|16:42] Johnny_Grey purchased a bottle of beer.
[10.10|16:42] Johnny_Grey purchased a bottle of beer.
[10.10|16:42] Johnny_Grey purchased a bottle of beer.
[10.10|16:42] Johnny_Grey purchased a bottle of beer.
[10.10|16:42] Johnny_Grey purchased a screwdriver.
[10.10|16:53] Antonio_Moretti purchased a desert eagle, serial: 93039.
[10.10|16:53] Antonio_Moretti purchased 9x19mm.
[10.10|16:53] Antonio_Moretti purchased .50cal.
[10.10|17:53] Thomas_Cassano purchased a stereo.
[10.10|20:07] Dean_Cracchiolo purchased a can of gasoline.
[10.10|20:07] Dean_Cracchiolo purchased a can of gasoline.
[10.10|20:35] Frank_Ricci purchased a mask.
[10.10|20:35] Frank_Ricci purchased a pack of cigarettes.
[10.10|21:11] Jax_Tellem purchased a cigarette.
[11.10|02:39] Tyrece_Price purchased bandages.
[11.10|02:44] Tyrece_Price purchased a medical kit.
[11.10|02:50] Tyrece_Price purchased a medical kit.
[11.10|02:50] Tyrece_Price purchased a bottle of beer.
[11.10|02:50] Tyrece_Price purchased a bottle of beer.
[11.10|02:50] Tyrece_Price purchased a pack of cigarettes.
[11.10|03:04] Tyrece_Price purchased a medical kit.
[11.10|12:24] Keshawn_Reynolds purchased a toolbox.
[11.10|13:32] Xavier_Vasquez purchased a medical kit.
[11.10|14:42] Randy_Berkowitz purchased a phone.
[11.10|14:42] Randy_Berkowitz purchased a SIM Card, number 134402.
[11.10|14:43] Randy_Berkowitz purchased a baseball bat.
[11.10|16:15] Jervonte_Banks purchased a stereo.
[11.10|16:15] Jervonte_Banks purchased a toolbox.
[11.10|16:15] Jervonte_Banks purchased bandages.
[11.10|16:15] Jervonte_Banks purchased a medical kit.
[11.10|16:15] Jervonte_Banks purchased a pack of cigarettes.
[11.10|16:15] Noah_Reynoso purchased a medical kit.
[11.10|16:15] Jervonte_Banks purchased a bottle of beer.
[11.10|16:15] Jervonte_Banks purchased a phone.
[11.10|16:15] Jervonte_Banks purchased a SIM Card, number 190795.
[11.10|16:16] Jervonte_Banks purchased a 5 liter spraycan.
[11.10|17:12] Shawn_Belucci purchased a screwdriver.
[11.10|21:40] James_Delwood purchased a phone.
[11.10|21:40] James_Delwood purchased a SIM Card, number 641853.
[11.10|23:12] Holly_Marshall purchased a can of gasoline.
[12.10|01:10] Johnny_Grey purchased a toolbox.
[12.10|01:10] Johnny_Grey purchased a 5 liter spraycan.
[12.10|11:11] Julius_Stacks purchased a phone.
[12.10|11:11] Julius_Stacks purchased a SIM Card, number 403450.
[12.10|11:11] Julius_Stacks purchased a mask.
[12.10|11:12] Julius_Stacks purchased a screwdriver.
[12.10|11:13] Julius_Stacks purchased a 5 liter spraycan.
[12.10|11:58] Xavier_Vasquez purchased a mask.
[12.10|11:59] Xavier_Vasquez purchased a medical kit.
[12.10|11:59] Xavier_Vasquez purchased a medical kit.
[12.10|12:33] Eugene_Lombardi purchased a phone.
[12.10|12:33] Eugene_Lombardi purchased a SIM Card, number 109655.
[12.10|12:57] Roland_Bifone purchased a Gym Membership.
[12.10|12:57] Roland_Bifone purchased a Protein Shake.
[12.10|14:55] Charles_Sines purchased a can of gasoline.
[12.10|14:55] Charles_Sines purchased a stereo.
[12.10|14:55] Charles_Sines purchased a medical kit.
[12.10|14:55] Charles_Sines purchased a camera.
[12.10|15:47] Keshawn_Reynolds purchased a mask.
[12.10|15:47] Keshawn_Reynolds purchased a medical kit.
[12.10|15:48] Zacheus_Marcelo purchased a medical kit.
[12.10|15:48] Zacheus_Marcelo purchased bandages.
[12.10|17:02] Tyrece_Price purchased a sprunk.
[12.10|18:00] Mark_Price purchased a pack of cigarettes.
[12.10|18:16] Mark_Price purchased a sprunk.
[12.10|18:16] Thomas_Cassano purchased a cigarette.
[12.10|18:42] Mark_Price purchased a sprunk.
[12.10|19:01] John_Haye purchased a mask.
[12.10|19:28] Mark_Price purchased a baseball bat.
[12.10|19:28] Mark_Price purchased a medical kit.
[12.10|19:28] Mark_Price purchased a medical kit.
[12.10|19:28] Mark_Price purchased a mask.
[12.10|19:38] John_Haye purchased a phone.
[12.10|19:38] John_Haye purchased a SIM Card, number 680780.
[12.10|19:38] Mark_Price purchased a phone.
[12.10|19:38] Mark_Price purchased a SIM Card, number 740926.
[12.10|21:42] Abenhej_Sabiren purchased a phone.
[12.10|21:43] Abenhej_Sabiren purchased a SIM Card, number 198931.
[13.10|20:00] Leonard_Rodriguez purchased a camera.
[13.10|20:01] Leonard_Rodriguez purchased a phone.
[13.10|20:01] Leonard_Rodriguez purchased a SIM Card, number 100363.
[13.10|21:05] Leonard_Rodriguez purchased a 5 liter spraycan.
[14.10|07:23] Roberto_Bellucci purchased a 5 liter spraycan.
[14.10|12:30] Roberto_Bellucci purchased a mask.
[14.10|12:48] Roberto_Bellucci purchased a portable radio.
[14.10|13:02] Roberto_Bellucci purchased a phone.
[14.10|13:02] Roberto_Bellucci purchased a SIM Card, number 319642.
[14.10|14:33] Dennis_Blood purchased a 5 liter spraycan.
[14.10|15:19] James_Burton purchased a can of gasoline.
[14.10|15:25] Mitchell_Payne purchased a mask.
[14.10|15:32] Carl_Banks purchased a phone.
[14.10|15:32] Carl_Banks purchased a SIM Card, number 424490.
[14.10|15:33] Carl_Banks purchased a pack of cigarettes.
[14.10|15:44] Jack_Perkins purchased a phone.
[14.10|15:44] Jack_Perkins purchased a SIM Card, number 933389.
[14.10|15:44] Jessica_Perkins purchased a phone.
[14.10|15:44] Jessica_Perkins purchased a SIM Card, number 452918.
[14.10|15:54] Charles_Sines purchased a pack of cigarettes.
[14.10|15:54] Charles_Sines purchased a can of gasoline.
[14.10|16:20] James_Burton purchased a cigarette.
[14.10|16:41] George_Chalkias purchased a mask.
[14.10|17:43] Carter_Neistat purchased a phone.
[14.10|17:43] Carter_Neistat purchased a SIM Card, number 773589.
[14.10|19:05] Jay_Jackson purchased a phone.
[14.10|19:05] Jay_Jackson purchased a SIM Card, number 881528.
[14.10|20:29] Jessica_Perkins purchased a portable radio.
[14.10|20:30] Jessica_Perkins purchased a bottle of wine.
[14.10|20:30] Jessica_Perkins purchased a bottle of beer.
[14.10|20:30] Jessica_Perkins purchased a screwdriver.
[14.10|20:30] Jessica_Perkins purchased a pack of cigarettes.
[14.10|20:30] Jessica_Perkins purchased a can of gasoline.
[14.10|20:30] Jessica_Perkins purchased a notebook.
[14.10|20:30] Jessica_Perkins purchased a medical kit.
[14.10|20:30] Jessica_Perkins purchased bandages.
[14.10|20:30] Jessica_Perkins purchased a toolbox.
[14.10|20:30] Jessica_Perkins purchased a stereo.
[15.10|00:12] Frank_Locatelli purchased a pack of cigarettes.
[15.10|02:18] Richard_Scalia purchased a phone.
[15.10|02:18] Richard_Scalia purchased a SIM Card, number 359589.
[15.10|05:07] Carl_Banks purchased a 5 liter spraycan.
[15.10|05:27] Carl_Banks purchased a baseball bat.
[15.10|14:59] Jessica_Perkins purchased a 5 liter spraycan.
[15.10|15:12] Jessica_Perkins purchased a 5 liter spraycan.
[15.10|15:49] Dennis_Blood purchased a can of gasoline.
[15.10|16:05] Jay_Watts purchased a phone.
[15.10|16:05] Jay_Watts purchased a SIM Card, number 667888.
[15.10|17:17] William_Sabato purchased a medical kit.
[15.10|18:22] Julius_Stacks purchased a toolbox.
[15.10|18:43] Blake_Girottio purchased a stereo.
[15.10|20:16] David_Brood purchased a sprunk.
[15.10|20:40] John_Haye purchased .50cal.
[15.10|20:40] John_Haye purchased .50cal.
[16.10|01:46] Tyrece_Price purchased a cigarette.
[16.10|02:15] Tyrece_Price purchased a can of gasoline.
[16.10|02:42] Tyrone_Harrison purchased a 5 liter spraycan.
[16.10|06:44] Julius_Stacks purchased a Protein Shake.
[16.10|07:18] Julius_Stacks purchased a Gym Membership.
[16.10|08:28] Julius_Stacks purchased a 5 liter spraycan.
[16.10|16:47] Dennis_Blood purchased a bottle of beer.
[16.10|16:47] Dennis_Blood purchased a bottle of beer.
[16.10|16:47] Dennis_Blood purchased a bottle of beer.
[16.10|16:47] Dennis_Blood purchased a bottle of beer.
[16.10|16:47] Dennis_Blood purchased a bottle of beer.
[16.10|16:47] Dennis_Blood purchased a bottle of beer.
[16.10|16:47] Dennis_Blood purchased a bottle of beer.
[16.10|16:47] Dennis_Blood purchased a bottle of beer.
[16.10|16:47] Dennis_Blood purchased a bottle of beer.
[16.10|19:48] Tarik_Afolayan purchased a stereo.
[16.10|20:23] Zacheus_Marcelo purchased a sprunk.
[26.12|14:41] Bobby_Tarantino purchased a rifle, serial: 37783.
[26.12|14:41] Bobby_Tarantino purchased .50cal.
[26.12|14:42] Bobby_Tarantino purchased 5.56x45mm.
[26.12|14:42] Bobby_Tarantino purchased 7x62x51mm.
