[25.09|17:13] Denson_Brown arrested Jordan_Johnson for 15 minutes
[25.09|22:47] Brandon_Shaw arrested MArcus_Lynch for 10 minutes
[26.09|01:25] Huey_Carmichael arrested Mike_Rydah for 20 minutes
[26.09|01:26] Huey_Carmichael arrested Mike_Rydah for 30 minutes
[26.09|01:46] Huey_Carmichael arrested Khalil_Vorhees for 30 minutes
[26.09|18:02] Eric_Frezeli arrested  for 15 minutes
[26.09|20:02] Denson_Brown arrested Dion_Wiggins for 50 minutes
[26.09|23:28] Huey_Carmichael arrested Eden_Sullivan for 25 minutes
[27.09|00:10] Huey_Carmichael arrested Tyrone_Harrison for 15 minutes
[27.09|00:26] Otis_Holt arrested Khalil_Vorhees for 35 minutes
[27.09|15:17] Deeks_Muviligo arrested Lou for 20 minutes
[27.09|16:44] Kevin_White arrested Katherine_Ardleigh for 25 minutes
[27.09|17:11] Deeks_Muviligo arrested Anthony_Gardner for 10 minutes
[27.09|20:13] Deeks_Muviligo arrested Hugh_Banks for 20 minutes
[27.09|20:49] Huey_Carmichael arrested Marcus_Lynch for 35 minutes
[27.09|21:23] Denson_Brown arrested Pakel_Kante for 30 minutes
[27.09|21:28] Amos_Epshteyn arrested Patrick_Hall for 65 minutes
[27.09|22:12] Amos_Epshteyn arrested Joshua_Lieu for 30 minutes
[27.09|22:34] Santiago_Trujillo arrested Tyrone_Harrison for 15 minutes
[28.09|16:32] Deeks_Muviligo arrested Tom_Robert for 25 minutes
[28.09|17:26] Denson_Brown arrested Dennis_blood for 40 minutes
[28.09|18:18] Denson_Brown arrested Sonny_Pescora for 15 minutes
[28.09|20:31] Deeks_Muviligo arrested  for 30 minutes
[28.09|20:49] Deeks_Muviligo arrested Quinn_Clarke for 55 minutes
[28.09|21:56] Deeks_Muviligo arrested Rutherford_Gaviria for 60 minutes
[28.09|22:07] Santiago_Trujillo arrested Kentrell_Jordan for 55 minutes
[29.09|03:51] Anthony_Moore arrested Yamori_Izakaya for 60 minutes
[30.09|18:12] George_Chalkias arrested Marcus_Lynch for 35 minutes
[30.09|18:43] Denzil_Griffiths arrested Mafia B for 30 minutes
[30.09|19:09] Anthony_Moore arrested Armani_Young for 70 minutes
[30.09|23:38] Anthony_Moore arrested Reginald_Blount for 30 minutes
[01.10|15:23] George_Chalkias arrested Kareem_Brooks for 5 minutes
[01.10|17:03] Denson_Brown arrested Malik_Montana for 35 minutes
[01.10|22:18] Sebastian_Hernandez arrested  for 10 minutes
[01.10|22:18] Sebastian_Hernandez arrested  for 15 minutes
[02.10|00:43] Frank_Ricci arrested Darnell_Smalls for 725 minutes
[06.10|17:21] Denson_Brown arrested George_Chalkias for 80 minutes
[06.10|17:22] Denson_Brown arrested George_Chalkias for 55 minutes
[06.10|17:26] Denson_Brown arrested Denson_Brown for 120 minutes
[07.10|22:30] David_Brood arrested James_Mollar for 5 minutes
[07.10|23:55] Eustace_Horvat arrested Raul_Polanco for 25 minutes
[08.10|21:55] Anthony_Moore arrested Daniel_David for 30 minutes
[08.10|23:56] David_Brood arrested Mark_Price for 100 minutes
[09.10|22:15] David_Brood arrested Raul_Polanco for 55 minutes
[09.10|22:53] David_Brood arrested Joseph_Napolitano for 55 minutes
[11.10|18:13] David_Brood arrested Roland_Bifone for 30 minutes
[13.10|20:49] David_Brood arrested Trevon_Wingfield for 5 minutes
